[ 2016-12-29T13:36:19+08:00 ] ::1 /wqac2.0/
NOTIC: [8] Use of undefined constant URL_CALLBACK - assumed 'URL_CALLBACK' /Applications/XAMPP/xamppfiles/htdocs/wqac2.0/Application/Common/Conf/socialize.php 第 16 行.
INFO: [ app_begin ] --START--
INFO: Run Behavior\ReadHtmlCache [ RunTime:0.001834s ]
INFO: [ app_begin ] --END-- [ RunTime:0.001984s ]
INFO: [ view_parse ] --START--
INFO: [ template_filter ] --START--
INFO: Run Behavior\ContentReplace [ RunTime:0.000309s ]
INFO: [ template_filter ] --END-- [ RunTime:0.000353s ]
INFO: Run Behavior\ParseTemplate [ RunTime:0.031485s ]
INFO: [ view_parse ] --END-- [ RunTime:0.031550s ]
INFO: [ view_filter ] --START--
INFO: Run Behavior\WriteHtmlCache [ RunTime:0.000150s ]
INFO: [ view_filter ] --END-- [ RunTime:0.000179s ]
INFO: [ app_end ] --START--
INFO: Run Behavior\ShowPageTrace [ RunTime:0.000728s ]
INFO: [ app_end ] --END-- [ RunTime:0.000825s ]

[ 2016-12-29T13:39:06+08:00 ] ::1 /wqac2.0/
NOTIC: [8] Use of undefined constant URL_CALLBACK - assumed 'URL_CALLBACK' /Applications/XAMPP/xamppfiles/htdocs/wqac2.0/Application/Common/Conf/socialize.php 第 16 行.
INFO: [ app_begin ] --START--
INFO: Run Behavior\ReadHtmlCache [ RunTime:0.000298s ]
INFO: [ app_begin ] --END-- [ RunTime:0.000372s ]
INFO: [ view_parse ] --START--
INFO: [ template_filter ] --START--
INFO: Run Behavior\ContentReplace [ RunTime:0.000346s ]
INFO: [ template_filter ] --END-- [ RunTime:0.000431s ]
INFO: Run Behavior\ParseTemplate [ RunTime:0.009857s ]
INFO: [ view_parse ] --END-- [ RunTime:0.009891s ]
INFO: [ view_filter ] --START--
INFO: Run Behavior\WriteHtmlCache [ RunTime:0.000094s ]
INFO: [ view_filter ] --END-- [ RunTime:0.000111s ]
INFO: [ app_end ] --START--
INFO: Run Behavior\ShowPageTrace [ RunTime:0.000583s ]
INFO: [ app_end ] --END-- [ RunTime:0.000618s ]

[ 2016-12-29T13:39:33+08:00 ] ::1 /wqac2.0/
NOTIC: [8] Use of undefined constant URL_CALLBACK - assumed 'URL_CALLBACK' /Applications/XAMPP/xamppfiles/htdocs/wqac2.0/Application/Common/Conf/socialize.php 第 16 行.
INFO: [ app_begin ] --START--
INFO: Run Behavior\ReadHtmlCache [ RunTime:0.000282s ]
INFO: [ app_begin ] --END-- [ RunTime:0.000364s ]
INFO: [ view_parse ] --START--
INFO: [ template_filter ] --START--
INFO: Run Behavior\ContentReplace [ RunTime:0.000228s ]
INFO: [ template_filter ] --END-- [ RunTime:0.000263s ]
INFO: Run Behavior\ParseTemplate [ RunTime:0.009757s ]
INFO: [ view_parse ] --END-- [ RunTime:0.009792s ]
INFO: [ view_filter ] --START--
INFO: Run Behavior\WriteHtmlCache [ RunTime:0.000094s ]
INFO: [ view_filter ] --END-- [ RunTime:0.000110s ]
INFO: [ app_end ] --START--
INFO: Run Behavior\ShowPageTrace [ RunTime:0.000354s ]
INFO: [ app_end ] --END-- [ RunTime:0.000380s ]

[ 2016-12-29T13:40:28+08:00 ] ::1 /wqac2.0/index.php/
NOTIC: [8] Use of undefined constant URL_CALLBACK - assumed 'URL_CALLBACK' /Applications/XAMPP/xamppfiles/htdocs/wqac2.0/Application/Common/Conf/socialize.php 第 16 行.
INFO: [ app_begin ] --START--
INFO: Run Behavior\ReadHtmlCache [ RunTime:0.000246s ]
INFO: [ app_begin ] --END-- [ RunTime:0.000315s ]
INFO: [ view_parse ] --START--
INFO: [ template_filter ] --START--
INFO: Run Behavior\ContentReplace [ RunTime:0.000228s ]
INFO: [ template_filter ] --END-- [ RunTime:0.000266s ]
INFO: Run Behavior\ParseTemplate [ RunTime:0.009560s ]
INFO: [ view_parse ] --END-- [ RunTime:0.009592s ]
INFO: [ view_filter ] --START--
INFO: Run Behavior\WriteHtmlCache [ RunTime:0.000102s ]
INFO: [ view_filter ] --END-- [ RunTime:0.000121s ]
INFO: [ app_end ] --START--
INFO: Run Behavior\ShowPageTrace [ RunTime:0.000571s ]
INFO: [ app_end ] --END-- [ RunTime:0.000631s ]

[ 2016-12-29T13:40:42+08:00 ] ::1 /wqac2.0/index.php/Index/index
NOTIC: [8] Use of undefined constant URL_CALLBACK - assumed 'URL_CALLBACK' /Applications/XAMPP/xamppfiles/htdocs/wqac2.0/Application/Common/Conf/socialize.php 第 16 行.
INFO: [ app_begin ] --START--
INFO: Run Behavior\ReadHtmlCache [ RunTime:0.000226s ]
INFO: [ app_begin ] --END-- [ RunTime:0.000255s ]
INFO: [ view_parse ] --START--
INFO: [ template_filter ] --START--
INFO: Run Behavior\ContentReplace [ RunTime:0.000227s ]
INFO: [ template_filter ] --END-- [ RunTime:0.000263s ]
INFO: Run Behavior\ParseTemplate [ RunTime:0.008547s ]
INFO: [ view_parse ] --END-- [ RunTime:0.008574s ]
INFO: [ view_filter ] --START--
INFO: Run Behavior\WriteHtmlCache [ RunTime:0.000091s ]
INFO: [ view_filter ] --END-- [ RunTime:0.000108s ]
INFO: [ app_end ] --START--
INFO: Run Behavior\ShowPageTrace [ RunTime:0.000347s ]
INFO: [ app_end ] --END-- [ RunTime:0.000373s ]

[ 2016-12-29T13:40:44+08:00 ] ::1 /wqac2.0/index.php/Index/adduser.html
NOTIC: [8] Use of undefined constant URL_CALLBACK - assumed 'URL_CALLBACK' /Applications/XAMPP/xamppfiles/htdocs/wqac2.0/Application/Common/Conf/socialize.php 第 16 行.
INFO: [ app_begin ] --START--
INFO: Run Behavior\ReadHtmlCache [ RunTime:0.000369s ]
INFO: [ app_begin ] --END-- [ RunTime:0.000410s ]
INFO: [ view_parse ] --START--
INFO: [ template_filter ] --START--
INFO: Run Behavior\ContentReplace [ RunTime:0.000219s ]
INFO: [ template_filter ] --END-- [ RunTime:0.000253s ]
INFO: Run Behavior\ParseTemplate [ RunTime:0.007319s ]
INFO: [ view_parse ] --END-- [ RunTime:0.007361s ]
INFO: [ view_filter ] --START--
INFO: Run Behavior\WriteHtmlCache [ RunTime:0.000131s ]
INFO: [ view_filter ] --END-- [ RunTime:0.000157s ]
INFO: [ app_end ] --START--
INFO: Run Behavior\ShowPageTrace [ RunTime:0.000498s ]
INFO: [ app_end ] --END-- [ RunTime:0.000541s ]

[ 2016-12-29T13:40:46+08:00 ] ::1 /wqac2.0/index.php/Index/adduser.html
NOTIC: [8] Use of undefined constant URL_CALLBACK - assumed 'URL_CALLBACK' /Applications/XAMPP/xamppfiles/htdocs/wqac2.0/Application/Common/Conf/socialize.php 第 16 行.
INFO: [ app_begin ] --START--
INFO: Run Behavior\ReadHtmlCache [ RunTime:0.000360s ]
INFO: [ app_begin ] --END-- [ RunTime:0.000452s ]
INFO: [ view_parse ] --START--
INFO: [ template_filter ] --START--
INFO: Run Behavior\ContentReplace [ RunTime:0.000217s ]
INFO: [ template_filter ] --END-- [ RunTime:0.000247s ]
INFO: Run Behavior\ParseTemplate [ RunTime:0.008398s ]
INFO: [ view_parse ] --END-- [ RunTime:0.008426s ]
INFO: [ view_filter ] --START--
INFO: Run Behavior\WriteHtmlCache [ RunTime:0.000114s ]
INFO: [ view_filter ] --END-- [ RunTime:0.000134s ]
INFO: [ app_end ] --START--
INFO: Run Behavior\ShowPageTrace [ RunTime:0.000383s ]
INFO: [ app_end ] --END-- [ RunTime:0.000414s ]

[ 2016-12-29T13:40:48+08:00 ] ::1 /wqac2.0/index.php/Index/addpro.html
NOTIC: [8] Use of undefined constant URL_CALLBACK - assumed 'URL_CALLBACK' /Applications/XAMPP/xamppfiles/htdocs/wqac2.0/Application/Common/Conf/socialize.php 第 16 行.
INFO: [ app_begin ] --START--
INFO: Run Behavior\ReadHtmlCache [ RunTime:0.000268s ]
INFO: [ app_begin ] --END-- [ RunTime:0.000307s ]
INFO: [ view_parse ] --START--
INFO: [ template_filter ] --START--
INFO: Run Behavior\ContentReplace [ RunTime:0.000227s ]
INFO: [ template_filter ] --END-- [ RunTime:0.000266s ]
INFO: Run Behavior\ParseTemplate [ RunTime:0.008108s ]
INFO: [ view_parse ] --END-- [ RunTime:0.008148s ]
INFO: [ view_filter ] --START--
INFO: Run Behavior\WriteHtmlCache [ RunTime:0.000216s ]
INFO: [ view_filter ] --END-- [ RunTime:0.000244s ]
INFO: [ app_end ] --START--
INFO: Run Behavior\ShowPageTrace [ RunTime:0.000531s ]
INFO: [ app_end ] --END-- [ RunTime:0.000611s ]

[ 2016-12-29T13:40:53+08:00 ] ::1 /wqac2.0/index.php/Index/addpro.html
NOTIC: [8] Use of undefined constant URL_CALLBACK - assumed 'URL_CALLBACK' /Applications/XAMPP/xamppfiles/htdocs/wqac2.0/Application/Common/Conf/socialize.php 第 16 行.
INFO: [ app_begin ] --START--
INFO: Run Behavior\ReadHtmlCache [ RunTime:0.000221s ]
INFO: [ app_begin ] --END-- [ RunTime:0.000250s ]
INFO: [ view_parse ] --START--
INFO: [ template_filter ] --START--
INFO: Run Behavior\ContentReplace [ RunTime:0.000248s ]
INFO: [ template_filter ] --END-- [ RunTime:0.000288s ]
INFO: Run Behavior\ParseTemplate [ RunTime:0.007621s ]
INFO: [ view_parse ] --END-- [ RunTime:0.007650s ]
INFO: [ view_filter ] --START--
INFO: Run Behavior\WriteHtmlCache [ RunTime:0.000099s ]
INFO: [ view_filter ] --END-- [ RunTime:0.000117s ]
INFO: [ app_end ] --START--
INFO: Run Behavior\ShowPageTrace [ RunTime:0.000659s ]
INFO: [ app_end ] --END-- [ RunTime:0.000713s ]

[ 2016-12-29T13:40:56+08:00 ] ::1 /wqac2.0/index.php/Index/adduser.html
NOTIC: [8] Use of undefined constant URL_CALLBACK - assumed 'URL_CALLBACK' /Applications/XAMPP/xamppfiles/htdocs/wqac2.0/Application/Common/Conf/socialize.php 第 16 行.
INFO: [ app_begin ] --START--
INFO: Run Behavior\ReadHtmlCache [ RunTime:0.000415s ]
INFO: [ app_begin ] --END-- [ RunTime:0.000456s ]
INFO: [ view_parse ] --START--
INFO: [ template_filter ] --START--
INFO: Run Behavior\ContentReplace [ RunTime:0.000216s ]
INFO: [ template_filter ] --END-- [ RunTime:0.000243s ]
INFO: Run Behavior\ParseTemplate [ RunTime:0.007184s ]
INFO: [ view_parse ] --END-- [ RunTime:0.007213s ]
INFO: [ view_filter ] --START--
INFO: Run Behavior\WriteHtmlCache [ RunTime:0.000089s ]
INFO: [ view_filter ] --END-- [ RunTime:0.000104s ]
INFO: [ app_end ] --START--
INFO: Run Behavior\ShowPageTrace [ RunTime:0.000363s ]
INFO: [ app_end ] --END-- [ RunTime:0.000396s ]

[ 2016-12-29T13:47:39+08:00 ] ::1 /wqac2.0/index.php/Index/addpro.html
NOTIC: [8] Use of undefined constant URL_CALLBACK - assumed 'URL_CALLBACK' /Applications/XAMPP/xamppfiles/htdocs/wqac2.0/Application/Common/Conf/socialize.php 第 16 行.
INFO: [ app_begin ] --START--
INFO: Run Behavior\ReadHtmlCache [ RunTime:0.000396s ]
INFO: [ app_begin ] --END-- [ RunTime:0.000473s ]
INFO: [ view_parse ] --START--
INFO: [ template_filter ] --START--
INFO: Run Behavior\ContentReplace [ RunTime:0.000226s ]
INFO: [ template_filter ] --END-- [ RunTime:0.000260s ]
INFO: Run Behavior\ParseTemplate [ RunTime:0.010054s ]
INFO: [ view_parse ] --END-- [ RunTime:0.010095s ]
INFO: [ view_filter ] --START--
INFO: Run Behavior\WriteHtmlCache [ RunTime:0.000112s ]
INFO: [ view_filter ] --END-- [ RunTime:0.000131s ]
INFO: [ app_end ] --START--
INFO: Run Behavior\ShowPageTrace [ RunTime:0.000637s ]
INFO: [ app_end ] --END-- [ RunTime:0.000719s ]

[ 2016-12-29T13:47:44+08:00 ] ::1 /wqac2.0/index.php/Index/apiman.html
NOTIC: [8] Use of undefined constant URL_CALLBACK - assumed 'URL_CALLBACK' /Applications/XAMPP/xamppfiles/htdocs/wqac2.0/Application/Common/Conf/socialize.php 第 16 行.
INFO: [ app_begin ] --START--
INFO: Run Behavior\ReadHtmlCache [ RunTime:0.000339s ]
INFO: [ app_begin ] --END-- [ RunTime:0.000381s ]
INFO: [ view_parse ] --START--
INFO: [ template_filter ] --START--
INFO: Run Behavior\ContentReplace [ RunTime:0.000150s ]
INFO: [ template_filter ] --END-- [ RunTime:0.000186s ]
INFO: Run Behavior\ParseTemplate [ RunTime:0.006806s ]
INFO: [ view_parse ] --END-- [ RunTime:0.006834s ]
INFO: [ view_filter ] --START--
INFO: Run Behavior\WriteHtmlCache [ RunTime:0.000095s ]
INFO: [ view_filter ] --END-- [ RunTime:0.000111s ]
INFO: [ app_end ] --START--
INFO: Run Behavior\ShowPageTrace [ RunTime:0.000365s ]
INFO: [ app_end ] --END-- [ RunTime:0.000419s ]

[ 2016-12-29T13:48:29+08:00 ] ::1 /wqac2.0/index.php/Index/procharts.html
NOTIC: [8] Use of undefined constant URL_CALLBACK - assumed 'URL_CALLBACK' /Applications/XAMPP/xamppfiles/htdocs/wqac2.0/Application/Common/Conf/socialize.php 第 16 行.
INFO: [ app_begin ] --START--
INFO: Run Behavior\ReadHtmlCache [ RunTime:0.000515s ]
INFO: [ app_begin ] --END-- [ RunTime:0.000650s ]
INFO: [ view_parse ] --START--
INFO: [ template_filter ] --START--
INFO: Run Behavior\ContentReplace [ RunTime:0.000213s ]
INFO: [ template_filter ] --END-- [ RunTime:0.000259s ]
NOTIC: [8] Undefined variable: position /Applications/XAMPP/xamppfiles/htdocs/wqac2.0/Application/Runtime/Cache/Home/daccd3185f77a24001c26b526b77e041.php 第 346 行.
NOTIC: [8] Undefined variable: total /Applications/XAMPP/xamppfiles/htdocs/wqac2.0/Application/Runtime/Cache/Home/daccd3185f77a24001c26b526b77e041.php 第 356 行.
NOTIC: [8] Undefined variable: pjd /Applications/XAMPP/xamppfiles/htdocs/wqac2.0/Application/Runtime/Cache/Home/daccd3185f77a24001c26b526b77e041.php 第 359 行.
NOTIC: [8] Undefined variable: pjd /Applications/XAMPP/xamppfiles/htdocs/wqac2.0/Application/Runtime/Cache/Home/daccd3185f77a24001c26b526b77e041.php 第 360 行.
NOTIC: [8] Undefined variable: pjd /Applications/XAMPP/xamppfiles/htdocs/wqac2.0/Application/Runtime/Cache/Home/daccd3185f77a24001c26b526b77e041.php 第 362 行.
NOTIC: [8] Undefined variable: id_see /Applications/XAMPP/xamppfiles/htdocs/wqac2.0/Application/Runtime/Cache/Home/daccd3185f77a24001c26b526b77e041.php 第 373 行.
NOTIC: [8] Undefined variable: id_see /Applications/XAMPP/xamppfiles/htdocs/wqac2.0/Application/Runtime/Cache/Home/daccd3185f77a24001c26b526b77e041.php 第 373 行.
INFO: Run Behavior\ParseTemplate [ RunTime:0.012487s ]
INFO: [ view_parse ] --END-- [ RunTime:0.012525s ]
INFO: [ view_filter ] --START--
INFO: Run Behavior\WriteHtmlCache [ RunTime:0.000093s ]
INFO: [ view_filter ] --END-- [ RunTime:0.000109s ]
INFO: [ app_end ] --START--
INFO: Run Behavior\ShowPageTrace [ RunTime:0.000483s ]
INFO: [ app_end ] --END-- [ RunTime:0.000518s ]

[ 2016-12-29T13:50:59+08:00 ] ::1 /wqac2.0/index.php/Index/adduser.html
NOTIC: [8] Use of undefined constant URL_CALLBACK - assumed 'URL_CALLBACK' /Applications/XAMPP/xamppfiles/htdocs/wqac2.0/Application/Common/Conf/socialize.php 第 16 行.
INFO: [ app_begin ] --START--
INFO: Run Behavior\ReadHtmlCache [ RunTime:0.000227s ]
INFO: [ app_begin ] --END-- [ RunTime:0.000259s ]
INFO: [ view_parse ] --START--
INFO: [ template_filter ] --START--
INFO: Run Behavior\ContentReplace [ RunTime:0.000409s ]
INFO: [ template_filter ] --END-- [ RunTime:0.000465s ]
INFO: Run Behavior\ParseTemplate [ RunTime:0.007717s ]
INFO: [ view_parse ] --END-- [ RunTime:0.007753s ]
INFO: [ view_filter ] --START--
INFO: Run Behavior\WriteHtmlCache [ RunTime:0.000145s ]
INFO: [ view_filter ] --END-- [ RunTime:0.000174s ]
INFO: [ app_end ] --START--
INFO: Run Behavior\ShowPageTrace [ RunTime:0.000633s ]
INFO: [ app_end ] --END-- [ RunTime:0.000680s ]

[ 2016-12-29T13:51:05+08:00 ] ::1 /wqac2.0/index.php/Index/addpro.html
NOTIC: [8] Use of undefined constant URL_CALLBACK - assumed 'URL_CALLBACK' /Applications/XAMPP/xamppfiles/htdocs/wqac2.0/Application/Common/Conf/socialize.php 第 16 行.
INFO: [ app_begin ] --START--
INFO: Run Behavior\ReadHtmlCache [ RunTime:0.000234s ]
INFO: [ app_begin ] --END-- [ RunTime:0.000266s ]
INFO: [ view_parse ] --START--
INFO: [ template_filter ] --START--
INFO: Run Behavior\ContentReplace [ RunTime:0.000225s ]
INFO: [ template_filter ] --END-- [ RunTime:0.000259s ]
INFO: Run Behavior\ParseTemplate [ RunTime:0.007439s ]
INFO: [ view_parse ] --END-- [ RunTime:0.007470s ]
INFO: [ view_filter ] --START--
INFO: Run Behavior\WriteHtmlCache [ RunTime:0.000118s ]
INFO: [ view_filter ] --END-- [ RunTime:0.000140s ]
INFO: [ app_end ] --START--
INFO: Run Behavior\ShowPageTrace [ RunTime:0.000441s ]
INFO: [ app_end ] --END-- [ RunTime:0.000476s ]

[ 2016-12-29T13:51:08+08:00 ] ::1 /wqac2.0/index.php/Index/probug.html
NOTIC: [8] Use of undefined constant URL_CALLBACK - assumed 'URL_CALLBACK' /Applications/XAMPP/xamppfiles/htdocs/wqac2.0/Application/Common/Conf/socialize.php 第 16 行.
INFO: [ app_begin ] --START--
INFO: Run Behavior\ReadHtmlCache [ RunTime:0.000221s ]
INFO: [ app_begin ] --END-- [ RunTime:0.000252s ]
INFO: [ view_parse ] --START--
INFO: [ template_filter ] --START--
INFO: Run Behavior\ContentReplace [ RunTime:0.000152s ]
INFO: [ template_filter ] --END-- [ RunTime:0.000195s ]
NOTIC: [8] Undefined variable: project_list /Applications/XAMPP/xamppfiles/htdocs/wqac2.0/Application/Runtime/Cache/Home/a2d6be61c02365b0326eb3a4554a60e7.php 第 277 行.
INFO: Run Behavior\ParseTemplate [ RunTime:0.006897s ]
INFO: [ view_parse ] --END-- [ RunTime:0.006920s ]
INFO: [ view_filter ] --START--
INFO: Run Behavior\WriteHtmlCache [ RunTime:0.000089s ]
INFO: [ view_filter ] --END-- [ RunTime:0.000105s ]
INFO: [ app_end ] --START--
INFO: Run Behavior\ShowPageTrace [ RunTime:0.000367s ]
INFO: [ app_end ] --END-- [ RunTime:0.000396s ]

[ 2016-12-29T13:51:14+08:00 ] ::1 /wqac2.0/index.php/Index/combug.html
NOTIC: [8] Use of undefined constant URL_CALLBACK - assumed 'URL_CALLBACK' /Applications/XAMPP/xamppfiles/htdocs/wqac2.0/Application/Common/Conf/socialize.php 第 16 行.
INFO: [ app_begin ] --START--
INFO: Run Behavior\ReadHtmlCache [ RunTime:0.000493s ]
INFO: [ app_begin ] --END-- [ RunTime:0.000629s ]
INFO: [ view_parse ] --START--
INFO: [ template_filter ] --START--
INFO: Run Behavior\ContentReplace [ RunTime:0.000135s ]
INFO: [ template_filter ] --END-- [ RunTime:0.000169s ]
NOTIC: [8] Undefined variable: project_list /Applications/XAMPP/xamppfiles/htdocs/wqac2.0/Application/Runtime/Cache/Home/96bd93d3012ea246229904e0a308c69d.php 第 277 行.
INFO: Run Behavior\ParseTemplate [ RunTime:0.008614s ]
INFO: [ view_parse ] --END-- [ RunTime:0.008645s ]
INFO: [ view_filter ] --START--
INFO: Run Behavior\WriteHtmlCache [ RunTime:0.000098s ]
INFO: [ view_filter ] --END-- [ RunTime:0.000113s ]
INFO: [ app_end ] --START--
INFO: Run Behavior\ShowPageTrace [ RunTime:0.000443s ]
INFO: [ app_end ] --END-- [ RunTime:0.000474s ]

[ 2016-12-29T13:51:37+08:00 ] ::1 /wqac2.0/index.php/Index/loglis.html
NOTIC: [8] Use of undefined constant URL_CALLBACK - assumed 'URL_CALLBACK' /Applications/XAMPP/xamppfiles/htdocs/wqac2.0/Application/Common/Conf/socialize.php 第 16 行.
INFO: [ app_begin ] --START--
INFO: Run Behavior\ReadHtmlCache [ RunTime:0.000261s ]
INFO: [ app_begin ] --END-- [ RunTime:0.000332s ]
INFO: [ view_parse ] --START--
INFO: [ template_filter ] --START--
INFO: Run Behavior\ContentReplace [ RunTime:0.000140s ]
INFO: [ template_filter ] --END-- [ RunTime:0.000171s ]
INFO: Run Behavior\ParseTemplate [ RunTime:0.007126s ]
INFO: [ view_parse ] --END-- [ RunTime:0.007156s ]
INFO: [ view_filter ] --START--
INFO: Run Behavior\WriteHtmlCache [ RunTime:0.000087s ]
INFO: [ view_filter ] --END-- [ RunTime:0.000103s ]
INFO: [ app_end ] --START--
INFO: Run Behavior\ShowPageTrace [ RunTime:0.000427s ]
INFO: [ app_end ] --END-- [ RunTime:0.000462s ]

[ 2016-12-29T13:55:13+08:00 ] ::1 /wqac2.0/index.php/Index/proindex.html
NOTIC: [8] Use of undefined constant URL_CALLBACK - assumed 'URL_CALLBACK' /Applications/XAMPP/xamppfiles/htdocs/wqac2.0/Application/Common/Conf/socialize.php 第 16 行.
INFO: [ app_begin ] --START--
INFO: Run Behavior\ReadHtmlCache [ RunTime:0.000267s ]
INFO: [ app_begin ] --END-- [ RunTime:0.000347s ]
INFO: [ view_parse ] --START--
INFO: [ template_filter ] --START--
INFO: Run Behavior\ContentReplace [ RunTime:0.000183s ]
INFO: [ template_filter ] --END-- [ RunTime:0.000217s ]
INFO: Run Behavior\ParseTemplate [ RunTime:0.007992s ]
INFO: [ view_parse ] --END-- [ RunTime:0.008025s ]
INFO: [ view_filter ] --START--
INFO: Run Behavior\WriteHtmlCache [ RunTime:0.000101s ]
INFO: [ view_filter ] --END-- [ RunTime:0.000126s ]
INFO: [ app_end ] --START--
INFO: Run Behavior\ShowPageTrace [ RunTime:0.000547s ]
INFO: [ app_end ] --END-- [ RunTime:0.000580s ]

[ 2016-12-29T13:56:06+08:00 ] ::1 /wqac2.0/index.php/Index/adduser.html
NOTIC: [8] Use of undefined constant URL_CALLBACK - assumed 'URL_CALLBACK' /Applications/XAMPP/xamppfiles/htdocs/wqac2.0/Application/Common/Conf/socialize.php 第 16 行.
INFO: [ app_begin ] --START--
INFO: Run Behavior\ReadHtmlCache [ RunTime:0.000225s ]
INFO: [ app_begin ] --END-- [ RunTime:0.000256s ]
INFO: [ view_parse ] --START--
INFO: [ template_filter ] --START--
INFO: Run Behavior\ContentReplace [ RunTime:0.000215s ]
INFO: [ template_filter ] --END-- [ RunTime:0.000243s ]
INFO: Run Behavior\ParseTemplate [ RunTime:0.006741s ]
INFO: [ view_parse ] --END-- [ RunTime:0.006765s ]
INFO: [ view_filter ] --START--
INFO: Run Behavior\WriteHtmlCache [ RunTime:0.000084s ]
INFO: [ view_filter ] --END-- [ RunTime:0.000101s ]
INFO: [ app_end ] --START--
INFO: Run Behavior\ShowPageTrace [ RunTime:0.000570s ]
INFO: [ app_end ] --END-- [ RunTime:0.000635s ]

[ 2016-12-29T13:56:19+08:00 ] ::1 /wqac2.0/index.php/Index/loglis.html
NOTIC: [8] Use of undefined constant URL_CALLBACK - assumed 'URL_CALLBACK' /Applications/XAMPP/xamppfiles/htdocs/wqac2.0/Application/Common/Conf/socialize.php 第 16 行.
INFO: [ app_begin ] --START--
INFO: Run Behavior\ReadHtmlCache [ RunTime:0.000386s ]
INFO: [ app_begin ] --END-- [ RunTime:0.000433s ]
INFO: [ view_parse ] --START--
INFO: [ template_filter ] --START--
INFO: Run Behavior\ContentReplace [ RunTime:0.000160s ]
INFO: [ template_filter ] --END-- [ RunTime:0.000201s ]
INFO: Run Behavior\ParseTemplate [ RunTime:0.007058s ]
INFO: [ view_parse ] --END-- [ RunTime:0.007103s ]
INFO: [ view_filter ] --START--
INFO: Run Behavior\WriteHtmlCache [ RunTime:0.000119s ]
INFO: [ view_filter ] --END-- [ RunTime:0.000140s ]
INFO: [ app_end ] --START--
INFO: Run Behavior\ShowPageTrace [ RunTime:0.000486s ]
INFO: [ app_end ] --END-- [ RunTime:0.000533s ]

[ 2016-12-29T13:56:37+08:00 ] ::1 /wqac2.0/index.php/Index/loglis.html
NOTIC: [8] Use of undefined constant URL_CALLBACK - assumed 'URL_CALLBACK' /Applications/XAMPP/xamppfiles/htdocs/wqac2.0/Application/Common/Conf/socialize.php 第 16 行.
INFO: [ app_begin ] --START--
INFO: Run Behavior\ReadHtmlCache [ RunTime:0.000266s ]
INFO: [ app_begin ] --END-- [ RunTime:0.000301s ]
INFO: [ view_parse ] --START--
INFO: [ template_filter ] --START--
INFO: Run Behavior\ContentReplace [ RunTime:0.000220s ]
INFO: [ template_filter ] --END-- [ RunTime:0.000344s ]
INFO: Run Behavior\ParseTemplate [ RunTime:0.007704s ]
INFO: [ view_parse ] --END-- [ RunTime:0.007755s ]
INFO: [ view_filter ] --START--
INFO: Run Behavior\WriteHtmlCache [ RunTime:0.000213s ]
INFO: [ view_filter ] --END-- [ RunTime:0.000251s ]
INFO: [ app_end ] --START--
INFO: Run Behavior\ShowPageTrace [ RunTime:0.000838s ]
INFO: [ app_end ] --END-- [ RunTime:0.000895s ]

[ 2016-12-29T13:57:50+08:00 ] ::1 /wqac2.0/index.php/Index/addpro.html
NOTIC: [8] Use of undefined constant URL_CALLBACK - assumed 'URL_CALLBACK' /Applications/XAMPP/xamppfiles/htdocs/wqac2.0/Application/Common/Conf/socialize.php 第 16 行.
INFO: [ app_begin ] --START--
INFO: Run Behavior\ReadHtmlCache [ RunTime:0.000226s ]
INFO: [ app_begin ] --END-- [ RunTime:0.000255s ]
INFO: [ view_parse ] --START--
INFO: [ template_filter ] --START--
INFO: Run Behavior\ContentReplace [ RunTime:0.000226s ]
INFO: [ template_filter ] --END-- [ RunTime:0.000260s ]
INFO: Run Behavior\ParseTemplate [ RunTime:0.007485s ]
INFO: [ view_parse ] --END-- [ RunTime:0.007510s ]
INFO: [ view_filter ] --START--
INFO: Run Behavior\WriteHtmlCache [ RunTime:0.000094s ]
INFO: [ view_filter ] --END-- [ RunTime:0.000110s ]
INFO: [ app_end ] --START--
INFO: Run Behavior\ShowPageTrace [ RunTime:0.000483s ]
INFO: [ app_end ] --END-- [ RunTime:0.000524s ]

[ 2016-12-29T13:59:22+08:00 ] ::1 /wqac2.0/index.php/Index/procharts.html
NOTIC: [8] Use of undefined constant URL_CALLBACK - assumed 'URL_CALLBACK' /Applications/XAMPP/xamppfiles/htdocs/wqac2.0/Application/Common/Conf/socialize.php 第 16 行.
INFO: [ app_begin ] --START--
INFO: Run Behavior\ReadHtmlCache [ RunTime:0.000273s ]
INFO: [ app_begin ] --END-- [ RunTime:0.000349s ]
INFO: [ view_parse ] --START--
INFO: [ template_filter ] --START--
INFO: Run Behavior\ContentReplace [ RunTime:0.000155s ]
INFO: [ template_filter ] --END-- [ RunTime:0.000183s ]
NOTIC: [8] Undefined variable: position /Applications/XAMPP/xamppfiles/htdocs/wqac2.0/Application/Runtime/Cache/Home/daccd3185f77a24001c26b526b77e041.php 第 346 行.
NOTIC: [8] Undefined variable: total /Applications/XAMPP/xamppfiles/htdocs/wqac2.0/Application/Runtime/Cache/Home/daccd3185f77a24001c26b526b77e041.php 第 356 行.
NOTIC: [8] Undefined variable: pjd /Applications/XAMPP/xamppfiles/htdocs/wqac2.0/Application/Runtime/Cache/Home/daccd3185f77a24001c26b526b77e041.php 第 359 行.
NOTIC: [8] Undefined variable: pjd /Applications/XAMPP/xamppfiles/htdocs/wqac2.0/Application/Runtime/Cache/Home/daccd3185f77a24001c26b526b77e041.php 第 360 行.
NOTIC: [8] Undefined variable: pjd /Applications/XAMPP/xamppfiles/htdocs/wqac2.0/Application/Runtime/Cache/Home/daccd3185f77a24001c26b526b77e041.php 第 362 行.
NOTIC: [8] Undefined variable: id_see /Applications/XAMPP/xamppfiles/htdocs/wqac2.0/Application/Runtime/Cache/Home/daccd3185f77a24001c26b526b77e041.php 第 373 行.
NOTIC: [8] Undefined variable: id_see /Applications/XAMPP/xamppfiles/htdocs/wqac2.0/Application/Runtime/Cache/Home/daccd3185f77a24001c26b526b77e041.php 第 373 行.
INFO: Run Behavior\ParseTemplate [ RunTime:0.008345s ]
INFO: [ view_parse ] --END-- [ RunTime:0.008373s ]
INFO: [ view_filter ] --START--
INFO: Run Behavior\WriteHtmlCache [ RunTime:0.000089s ]
INFO: [ view_filter ] --END-- [ RunTime:0.000105s ]
INFO: [ app_end ] --START--
INFO: Run Behavior\ShowPageTrace [ RunTime:0.000376s ]
INFO: [ app_end ] --END-- [ RunTime:0.000403s ]

[ 2016-12-29T14:03:19+08:00 ] ::1 /wqac2.0/index.php/Index/addpro.html
NOTIC: [8] Use of undefined constant URL_CALLBACK - assumed 'URL_CALLBACK' /Applications/XAMPP/xamppfiles/htdocs/wqac2.0/Application/Common/Conf/socialize.php 第 16 行.
INFO: [ app_begin ] --START--
INFO: Run Behavior\ReadHtmlCache [ RunTime:0.000431s ]
INFO: [ app_begin ] --END-- [ RunTime:0.000541s ]
INFO: [ view_parse ] --START--
INFO: [ template_filter ] --START--
INFO: Run Behavior\ContentReplace [ RunTime:0.000224s ]
INFO: [ template_filter ] --END-- [ RunTime:0.000258s ]
INFO: Run Behavior\ParseTemplate [ RunTime:0.009162s ]
INFO: [ view_parse ] --END-- [ RunTime:0.009199s ]
INFO: [ view_filter ] --START--
INFO: Run Behavior\WriteHtmlCache [ RunTime:0.000103s ]
INFO: [ view_filter ] --END-- [ RunTime:0.000120s ]
INFO: [ app_end ] --START--
INFO: Run Behavior\ShowPageTrace [ RunTime:0.000448s ]
INFO: [ app_end ] --END-- [ RunTime:0.000483s ]

[ 2016-12-29T14:03:24+08:00 ] ::1 /wqac2.0/index.php/Index/addpro.html
NOTIC: [8] Use of undefined constant URL_CALLBACK - assumed 'URL_CALLBACK' /Applications/XAMPP/xamppfiles/htdocs/wqac2.0/Application/Common/Conf/socialize.php 第 16 行.
INFO: [ app_begin ] --START--
INFO: Run Behavior\ReadHtmlCache [ RunTime:0.000256s ]
INFO: [ app_begin ] --END-- [ RunTime:0.000327s ]
INFO: [ view_parse ] --START--
INFO: [ template_filter ] --START--
INFO: Run Behavior\ContentReplace [ RunTime:0.000226s ]
INFO: [ template_filter ] --END-- [ RunTime:0.000263s ]
INFO: Run Behavior\ParseTemplate [ RunTime:0.012117s ]
INFO: [ view_parse ] --END-- [ RunTime:0.012147s ]
INFO: [ view_filter ] --START--
INFO: Run Behavior\WriteHtmlCache [ RunTime:0.000096s ]
INFO: [ view_filter ] --END-- [ RunTime:0.000112s ]
INFO: [ app_end ] --START--
INFO: Run Behavior\ShowPageTrace [ RunTime:0.000354s ]
INFO: [ app_end ] --END-- [ RunTime:0.000379s ]

[ 2016-12-29T14:03:28+08:00 ] ::1 /wqac2.0/index.php/Index/addpro.html
NOTIC: [8] Use of undefined constant URL_CALLBACK - assumed 'URL_CALLBACK' /Applications/XAMPP/xamppfiles/htdocs/wqac2.0/Application/Common/Conf/socialize.php 第 16 行.
INFO: [ app_begin ] --START--
INFO: Run Behavior\ReadHtmlCache [ RunTime:0.000226s ]
INFO: [ app_begin ] --END-- [ RunTime:0.000256s ]
INFO: [ view_parse ] --START--
INFO: [ template_filter ] --START--
INFO: Run Behavior\ContentReplace [ RunTime:0.000224s ]
INFO: [ template_filter ] --END-- [ RunTime:0.000255s ]
INFO: Run Behavior\ParseTemplate [ RunTime:0.008093s ]
INFO: [ view_parse ] --END-- [ RunTime:0.008127s ]
INFO: [ view_filter ] --START--
INFO: Run Behavior\WriteHtmlCache [ RunTime:0.000093s ]
INFO: [ view_filter ] --END-- [ RunTime:0.000111s ]
INFO: [ app_end ] --START--
INFO: Run Behavior\ShowPageTrace [ RunTime:0.000422s ]
INFO: [ app_end ] --END-- [ RunTime:0.000460s ]

[ 2016-12-29T14:03:34+08:00 ] ::1 /wqac2.0/index.php/Index/proindex.html
NOTIC: [8] Use of undefined constant URL_CALLBACK - assumed 'URL_CALLBACK' /Applications/XAMPP/xamppfiles/htdocs/wqac2.0/Application/Common/Conf/socialize.php 第 16 行.
INFO: [ app_begin ] --START--
INFO: Run Behavior\ReadHtmlCache [ RunTime:0.000229s ]
INFO: [ app_begin ] --END-- [ RunTime:0.000258s ]
INFO: [ view_parse ] --START--
INFO: [ template_filter ] --START--
INFO: Run Behavior\ContentReplace [ RunTime:0.000183s ]
INFO: [ template_filter ] --END-- [ RunTime:0.000219s ]
INFO: Run Behavior\ParseTemplate [ RunTime:0.007418s ]
INFO: [ view_parse ] --END-- [ RunTime:0.007448s ]
INFO: [ view_filter ] --START--
INFO: Run Behavior\WriteHtmlCache [ RunTime:0.000124s ]
INFO: [ view_filter ] --END-- [ RunTime:0.000146s ]
INFO: [ app_end ] --START--
INFO: Run Behavior\ShowPageTrace [ RunTime:0.000624s ]
INFO: [ app_end ] --END-- [ RunTime:0.000677s ]

[ 2016-12-29T14:04:07+08:00 ] ::1 /wqac2.0/index.php/Index/loglis.html
NOTIC: [8] Use of undefined constant URL_CALLBACK - assumed 'URL_CALLBACK' /Applications/XAMPP/xamppfiles/htdocs/wqac2.0/Application/Common/Conf/socialize.php 第 16 行.
INFO: [ app_begin ] --START--
INFO: Run Behavior\ReadHtmlCache [ RunTime:0.000257s ]
INFO: [ app_begin ] --END-- [ RunTime:0.000328s ]
INFO: [ view_parse ] --START--
INFO: [ template_filter ] --START--
INFO: Run Behavior\ContentReplace [ RunTime:0.000140s ]
INFO: [ template_filter ] --END-- [ RunTime:0.000169s ]
INFO: Run Behavior\ParseTemplate [ RunTime:0.006787s ]
INFO: [ view_parse ] --END-- [ RunTime:0.006817s ]
INFO: [ view_filter ] --START--
INFO: Run Behavior\WriteHtmlCache [ RunTime:0.000087s ]
INFO: [ view_filter ] --END-- [ RunTime:0.000104s ]
INFO: [ app_end ] --START--
INFO: Run Behavior\ShowPageTrace [ RunTime:0.000364s ]
INFO: [ app_end ] --END-- [ RunTime:0.000400s ]

[ 2016-12-29T14:10:35+08:00 ] ::1 /wqac2.0/index.php/Index/proindex.html
NOTIC: [8] Use of undefined constant URL_CALLBACK - assumed 'URL_CALLBACK' /Applications/XAMPP/xamppfiles/htdocs/wqac2.0/Application/Common/Conf/socialize.php 第 16 行.
INFO: [ app_begin ] --START--
INFO: Run Behavior\ReadHtmlCache [ RunTime:0.000225s ]
INFO: [ app_begin ] --END-- [ RunTime:0.000253s ]
INFO: [ view_parse ] --START--
INFO: [ template_filter ] --START--
INFO: Run Behavior\ContentReplace [ RunTime:0.000329s ]
INFO: [ template_filter ] --END-- [ RunTime:0.000392s ]
INFO: Run Behavior\ParseTemplate [ RunTime:0.007913s ]
INFO: [ view_parse ] --END-- [ RunTime:0.007944s ]
INFO: [ view_filter ] --START--
INFO: Run Behavior\WriteHtmlCache [ RunTime:0.000123s ]
INFO: [ view_filter ] --END-- [ RunTime:0.000145s ]
INFO: [ app_end ] --START--
INFO: Run Behavior\ShowPageTrace [ RunTime:0.000534s ]
INFO: [ app_end ] --END-- [ RunTime:0.000572s ]

[ 2016-12-29T14:10:43+08:00 ] ::1 /wqac2.0/index.php/Index/loglis.html
NOTIC: [8] Use of undefined constant URL_CALLBACK - assumed 'URL_CALLBACK' /Applications/XAMPP/xamppfiles/htdocs/wqac2.0/Application/Common/Conf/socialize.php 第 16 行.
INFO: [ app_begin ] --START--
INFO: Run Behavior\ReadHtmlCache [ RunTime:0.000271s ]
INFO: [ app_begin ] --END-- [ RunTime:0.000344s ]
INFO: [ view_parse ] --START--
INFO: [ template_filter ] --START--
INFO: Run Behavior\ContentReplace [ RunTime:0.000156s ]
INFO: [ template_filter ] --END-- [ RunTime:0.000193s ]
INFO: Run Behavior\ParseTemplate [ RunTime:0.007359s ]
INFO: [ view_parse ] --END-- [ RunTime:0.007393s ]
INFO: [ view_filter ] --START--
INFO: Run Behavior\WriteHtmlCache [ RunTime:0.000096s ]
INFO: [ view_filter ] --END-- [ RunTime:0.000113s ]
INFO: [ app_end ] --START--
INFO: Run Behavior\ShowPageTrace [ RunTime:0.000433s ]
INFO: [ app_end ] --END-- [ RunTime:0.000480s ]

