[ 2017-01-03T08:14:10+08:00 ] ::1 /wqac2.0/index.php/Index/index
NOTIC: [8] Use of undefined constant URL_CALLBACK - assumed 'URL_CALLBACK' /Applications/XAMPP/xamppfiles/htdocs/wqac2.0/Application/Common/Conf/socialize.php 第 16 行.
INFO: [ app_begin ] --START--
INFO: Run Behavior\ReadHtmlCache [ RunTime:0.000656s ]
INFO: [ app_begin ] --END-- [ RunTime:0.001985s ]
INFO: [ view_parse ] --START--
INFO: [ template_filter ] --START--
INFO: Run Behavior\ContentReplace [ RunTime:0.000318s ]
INFO: [ template_filter ] --END-- [ RunTime:0.000363s ]
INFO: Run Behavior\ParseTemplate [ RunTime:0.015273s ]
INFO: [ view_parse ] --END-- [ RunTime:0.015328s ]
INFO: [ view_filter ] --START--
INFO: Run Behavior\WriteHtmlCache [ RunTime:0.000133s ]
INFO: [ view_filter ] --END-- [ RunTime:0.000153s ]
INFO: [ app_end ] --START--
INFO: Run Behavior\ShowPageTrace [ RunTime:0.000677s ]
INFO: [ app_end ] --END-- [ RunTime:0.000731s ]

[ 2017-01-03T08:14:56+08:00 ] ::1 /wqac2.0/index.php/Index/proindex.html
NOTIC: [8] Use of undefined constant URL_CALLBACK - assumed 'URL_CALLBACK' /Applications/XAMPP/xamppfiles/htdocs/wqac2.0/Application/Common/Conf/socialize.php 第 16 行.
INFO: [ app_begin ] --START--
INFO: Run Behavior\ReadHtmlCache [ RunTime:0.000252s ]
INFO: [ app_begin ] --END-- [ RunTime:0.000319s ]
INFO: [ view_parse ] --START--
INFO: [ template_filter ] --START--
INFO: Run Behavior\ContentReplace [ RunTime:0.000229s ]
INFO: [ template_filter ] --END-- [ RunTime:0.000292s ]
INFO: Run Behavior\ParseTemplate [ RunTime:0.009523s ]
INFO: [ view_parse ] --END-- [ RunTime:0.009558s ]
INFO: [ view_filter ] --START--
INFO: Run Behavior\WriteHtmlCache [ RunTime:0.000109s ]
INFO: [ view_filter ] --END-- [ RunTime:0.000129s ]
INFO: [ app_end ] --START--
INFO: Run Behavior\ShowPageTrace [ RunTime:0.000522s ]
INFO: [ app_end ] --END-- [ RunTime:0.000563s ]

[ 2017-01-03T08:15:00+08:00 ] ::1 /wqac2.0/index.php/Index/apiman.html
NOTIC: [8] Use of undefined constant URL_CALLBACK - assumed 'URL_CALLBACK' /Applications/XAMPP/xamppfiles/htdocs/wqac2.0/Application/Common/Conf/socialize.php 第 16 行.
INFO: [ app_begin ] --START--
INFO: Run Behavior\ReadHtmlCache [ RunTime:0.000252s ]
INFO: [ app_begin ] --END-- [ RunTime:0.000321s ]
INFO: [ view_parse ] --START--
INFO: [ template_filter ] --START--
INFO: Run Behavior\ContentReplace [ RunTime:0.000150s ]
INFO: [ template_filter ] --END-- [ RunTime:0.000183s ]
INFO: Run Behavior\ParseTemplate [ RunTime:0.008098s ]
INFO: [ view_parse ] --END-- [ RunTime:0.008128s ]
INFO: [ view_filter ] --START--
INFO: Run Behavior\WriteHtmlCache [ RunTime:0.000094s ]
INFO: [ view_filter ] --END-- [ RunTime:0.000112s ]
INFO: [ app_end ] --START--
INFO: Run Behavior\ShowPageTrace [ RunTime:0.000405s ]
INFO: [ app_end ] --END-- [ RunTime:0.000436s ]

[ 2017-01-03T08:15:05+08:00 ] ::1 /wqac2.0/index.php/Index/apitools.html
NOTIC: [8] Use of undefined constant URL_CALLBACK - assumed 'URL_CALLBACK' /Applications/XAMPP/xamppfiles/htdocs/wqac2.0/Application/Common/Conf/socialize.php 第 16 行.
INFO: [ app_begin ] --START--
INFO: Run Behavior\ReadHtmlCache [ RunTime:0.000642s ]
INFO: [ app_begin ] --END-- [ RunTime:0.000874s ]
INFO: [ view_parse ] --START--
INFO: [ template_filter ] --START--
INFO: Run Behavior\ContentReplace [ RunTime:0.000102s ]
INFO: [ template_filter ] --END-- [ RunTime:0.000130s ]
INFO: Run Behavior\ParseTemplate [ RunTime:0.005969s ]
INFO: [ view_parse ] --END-- [ RunTime:0.005998s ]
INFO: [ view_filter ] --START--
INFO: Run Behavior\WriteHtmlCache [ RunTime:0.000087s ]
INFO: [ view_filter ] --END-- [ RunTime:0.000104s ]
INFO: [ app_end ] --START--
INFO: Run Behavior\ShowPageTrace [ RunTime:0.000422s ]
INFO: [ app_end ] --END-- [ RunTime:0.000457s ]

[ 2017-01-03T08:24:09+08:00 ] ::1 /wqac2.0/index.php/Index/editor
NOTIC: [8] Use of undefined constant URL_CALLBACK - assumed 'URL_CALLBACK' /Applications/XAMPP/xamppfiles/htdocs/wqac2.0/Application/Common/Conf/socialize.php 第 16 行.
INFO: [ app_begin ] --START--
INFO: Run Behavior\ReadHtmlCache [ RunTime:0.000327s ]
INFO: [ app_begin ] --END-- [ RunTime:0.000401s ]
ERR: 非法操作:editor

[ 2017-01-03T08:24:16+08:00 ] ::1 /wqac2.0/index.php/Index/edit
NOTIC: [8] Use of undefined constant URL_CALLBACK - assumed 'URL_CALLBACK' /Applications/XAMPP/xamppfiles/htdocs/wqac2.0/Application/Common/Conf/socialize.php 第 16 行.
INFO: [ app_begin ] --START--
INFO: Run Behavior\ReadHtmlCache [ RunTime:0.000221s ]
INFO: [ app_begin ] --END-- [ RunTime:0.000249s ]
INFO: [ view_parse ] --START--
INFO: [ template_filter ] --START--
INFO: Run Behavior\ContentReplace [ RunTime:0.000093s ]
INFO: [ template_filter ] --END-- [ RunTime:0.000125s ]
INFO: Run Behavior\ParseTemplate [ RunTime:0.005954s ]
INFO: [ view_parse ] --END-- [ RunTime:0.005979s ]
INFO: [ view_filter ] --START--
INFO: Run Behavior\WriteHtmlCache [ RunTime:0.000085s ]
INFO: [ view_filter ] --END-- [ RunTime:0.000100s ]
INFO: [ app_end ] --START--
INFO: Run Behavior\ShowPageTrace [ RunTime:0.000352s ]
INFO: [ app_end ] --END-- [ RunTime:0.000380s ]

[ 2017-01-03T08:36:44+08:00 ] ::1 /wqac2.0/index.php/Index/mkToHTML
NOTIC: [8] Use of undefined constant URL_CALLBACK - assumed 'URL_CALLBACK' /Applications/XAMPP/xamppfiles/htdocs/wqac2.0/Application/Common/Conf/socialize.php 第 16 行.
INFO: [ app_begin ] --START--
INFO: Run Behavior\ReadHtmlCache [ RunTime:0.000300s ]
INFO: [ app_begin ] --END-- [ RunTime:0.000340s ]

[ 2017-01-03T08:38:43+08:00 ] ::1 /wqac2.0/index.php/Index/mkToHTML
NOTIC: [8] Use of undefined constant URL_CALLBACK - assumed 'URL_CALLBACK' /Applications/XAMPP/xamppfiles/htdocs/wqac2.0/Application/Common/Conf/socialize.php 第 16 行.
INFO: [ app_begin ] --START--
INFO: Run Behavior\ReadHtmlCache [ RunTime:0.000235s ]
INFO: [ app_begin ] --END-- [ RunTime:0.000304s ]

[ 2017-01-03T08:38:46+08:00 ] ::1 /wqac2.0/index.php/Index/mkToHTML
NOTIC: [8] Use of undefined constant URL_CALLBACK - assumed 'URL_CALLBACK' /Applications/XAMPP/xamppfiles/htdocs/wqac2.0/Application/Common/Conf/socialize.php 第 16 行.
INFO: [ app_begin ] --START--
INFO: Run Behavior\ReadHtmlCache [ RunTime:0.000607s ]
INFO: [ app_begin ] --END-- [ RunTime:0.000666s ]

[ 2017-01-03T08:38:46+08:00 ] ::1 /wqac2.0/index.php/Index/mkToHTML
NOTIC: [8] Use of undefined constant URL_CALLBACK - assumed 'URL_CALLBACK' /Applications/XAMPP/xamppfiles/htdocs/wqac2.0/Application/Common/Conf/socialize.php 第 16 行.
INFO: [ app_begin ] --START--
INFO: Run Behavior\ReadHtmlCache [ RunTime:0.000290s ]
INFO: [ app_begin ] --END-- [ RunTime:0.000326s ]

[ 2017-01-03T08:38:46+08:00 ] ::1 /wqac2.0/index.php/Index/mkToHTML
NOTIC: [8] Use of undefined constant URL_CALLBACK - assumed 'URL_CALLBACK' /Applications/XAMPP/xamppfiles/htdocs/wqac2.0/Application/Common/Conf/socialize.php 第 16 行.
INFO: [ app_begin ] --START--
INFO: Run Behavior\ReadHtmlCache [ RunTime:0.000291s ]
INFO: [ app_begin ] --END-- [ RunTime:0.000327s ]

[ 2017-01-03T08:38:46+08:00 ] ::1 /wqac2.0/index.php/Index/mkToHTML
NOTIC: [8] Use of undefined constant URL_CALLBACK - assumed 'URL_CALLBACK' /Applications/XAMPP/xamppfiles/htdocs/wqac2.0/Application/Common/Conf/socialize.php 第 16 行.
INFO: [ app_begin ] --START--
INFO: Run Behavior\ReadHtmlCache [ RunTime:0.000300s ]
INFO: [ app_begin ] --END-- [ RunTime:0.000339s ]

[ 2017-01-03T08:38:48+08:00 ] ::1 /wqac2.0/index.php/Index/mkToHTML
NOTIC: [8] Use of undefined constant URL_CALLBACK - assumed 'URL_CALLBACK' /Applications/XAMPP/xamppfiles/htdocs/wqac2.0/Application/Common/Conf/socialize.php 第 16 行.
INFO: [ app_begin ] --START--
INFO: Run Behavior\ReadHtmlCache [ RunTime:0.000358s ]
INFO: [ app_begin ] --END-- [ RunTime:0.000404s ]

[ 2017-01-03T08:38:51+08:00 ] ::1 /wqac2.0/index.php/Index/mkToHTML
NOTIC: [8] Use of undefined constant URL_CALLBACK - assumed 'URL_CALLBACK' /Applications/XAMPP/xamppfiles/htdocs/wqac2.0/Application/Common/Conf/socialize.php 第 16 行.
INFO: [ app_begin ] --START--
INFO: Run Behavior\ReadHtmlCache [ RunTime:0.000294s ]
INFO: [ app_begin ] --END-- [ RunTime:0.000331s ]

[ 2017-01-03T08:38:52+08:00 ] ::1 /wqac2.0/index.php/Index/mkToHTML
NOTIC: [8] Use of undefined constant URL_CALLBACK - assumed 'URL_CALLBACK' /Applications/XAMPP/xamppfiles/htdocs/wqac2.0/Application/Common/Conf/socialize.php 第 16 行.
INFO: [ app_begin ] --START--
INFO: Run Behavior\ReadHtmlCache [ RunTime:0.000337s ]
INFO: [ app_begin ] --END-- [ RunTime:0.000379s ]

[ 2017-01-03T08:38:53+08:00 ] ::1 /wqac2.0/index.php/Index/mkToHTML
NOTIC: [8] Use of undefined constant URL_CALLBACK - assumed 'URL_CALLBACK' /Applications/XAMPP/xamppfiles/htdocs/wqac2.0/Application/Common/Conf/socialize.php 第 16 行.
INFO: [ app_begin ] --START--
INFO: Run Behavior\ReadHtmlCache [ RunTime:0.000294s ]
INFO: [ app_begin ] --END-- [ RunTime:0.000332s ]

[ 2017-01-03T08:38:53+08:00 ] ::1 /wqac2.0/index.php/Index/mkToHTML
NOTIC: [8] Use of undefined constant URL_CALLBACK - assumed 'URL_CALLBACK' /Applications/XAMPP/xamppfiles/htdocs/wqac2.0/Application/Common/Conf/socialize.php 第 16 行.
INFO: [ app_begin ] --START--
INFO: Run Behavior\ReadHtmlCache [ RunTime:0.000361s ]
INFO: [ app_begin ] --END-- [ RunTime:0.000407s ]

[ 2017-01-03T08:38:53+08:00 ] ::1 /wqac2.0/index.php/Index/mkToHTML
NOTIC: [8] Use of undefined constant URL_CALLBACK - assumed 'URL_CALLBACK' /Applications/XAMPP/xamppfiles/htdocs/wqac2.0/Application/Common/Conf/socialize.php 第 16 行.
INFO: [ app_begin ] --START--
INFO: Run Behavior\ReadHtmlCache [ RunTime:0.000289s ]
INFO: [ app_begin ] --END-- [ RunTime:0.000327s ]

[ 2017-01-03T08:38:53+08:00 ] ::1 /wqac2.0/index.php/Index/mkToHTML
NOTIC: [8] Use of undefined constant URL_CALLBACK - assumed 'URL_CALLBACK' /Applications/XAMPP/xamppfiles/htdocs/wqac2.0/Application/Common/Conf/socialize.php 第 16 行.
INFO: [ app_begin ] --START--
INFO: Run Behavior\ReadHtmlCache [ RunTime:0.000362s ]
INFO: [ app_begin ] --END-- [ RunTime:0.000407s ]

[ 2017-01-03T08:38:54+08:00 ] ::1 /wqac2.0/index.php/Index/mkToHTML
NOTIC: [8] Use of undefined constant URL_CALLBACK - assumed 'URL_CALLBACK' /Applications/XAMPP/xamppfiles/htdocs/wqac2.0/Application/Common/Conf/socialize.php 第 16 行.
INFO: [ app_begin ] --START--
INFO: Run Behavior\ReadHtmlCache [ RunTime:0.000291s ]
INFO: [ app_begin ] --END-- [ RunTime:0.000328s ]

[ 2017-01-03T08:38:54+08:00 ] ::1 /wqac2.0/index.php/Index/mkToHTML
NOTIC: [8] Use of undefined constant URL_CALLBACK - assumed 'URL_CALLBACK' /Applications/XAMPP/xamppfiles/htdocs/wqac2.0/Application/Common/Conf/socialize.php 第 16 行.
INFO: [ app_begin ] --START--
INFO: Run Behavior\ReadHtmlCache [ RunTime:0.000464s ]
INFO: [ app_begin ] --END-- [ RunTime:0.000556s ]

[ 2017-01-03T08:38:55+08:00 ] ::1 /wqac2.0/index.php/Index/mkToHTML
NOTIC: [8] Use of undefined constant URL_CALLBACK - assumed 'URL_CALLBACK' /Applications/XAMPP/xamppfiles/htdocs/wqac2.0/Application/Common/Conf/socialize.php 第 16 行.
INFO: [ app_begin ] --START--
INFO: Run Behavior\ReadHtmlCache [ RunTime:0.000291s ]
INFO: [ app_begin ] --END-- [ RunTime:0.000329s ]

[ 2017-01-03T08:38:55+08:00 ] ::1 /wqac2.0/index.php/Index/mkToHTML
NOTIC: [8] Use of undefined constant URL_CALLBACK - assumed 'URL_CALLBACK' /Applications/XAMPP/xamppfiles/htdocs/wqac2.0/Application/Common/Conf/socialize.php 第 16 行.
INFO: [ app_begin ] --START--
INFO: Run Behavior\ReadHtmlCache [ RunTime:0.000308s ]
INFO: [ app_begin ] --END-- [ RunTime:0.000350s ]

[ 2017-01-03T08:38:55+08:00 ] ::1 /wqac2.0/index.php/Index/mkToHTML
NOTIC: [8] Use of undefined constant URL_CALLBACK - assumed 'URL_CALLBACK' /Applications/XAMPP/xamppfiles/htdocs/wqac2.0/Application/Common/Conf/socialize.php 第 16 行.
INFO: [ app_begin ] --START--
INFO: Run Behavior\ReadHtmlCache [ RunTime:0.000289s ]
INFO: [ app_begin ] --END-- [ RunTime:0.000328s ]

[ 2017-01-03T08:39:06+08:00 ] ::1 /wqac2.0/index.php/Index/mkToHTML
NOTIC: [8] Use of undefined constant URL_CALLBACK - assumed 'URL_CALLBACK' /Applications/XAMPP/xamppfiles/htdocs/wqac2.0/Application/Common/Conf/socialize.php 第 16 行.
INFO: [ app_begin ] --START--
INFO: Run Behavior\ReadHtmlCache [ RunTime:0.000279s ]
INFO: [ app_begin ] --END-- [ RunTime:0.000360s ]

[ 2017-01-03T08:40:05+08:00 ] ::1 /wqac2.0/index.php/Index/mkToHTML
NOTIC: [8] Use of undefined constant URL_CALLBACK - assumed 'URL_CALLBACK' /Applications/XAMPP/xamppfiles/htdocs/wqac2.0/Application/Common/Conf/socialize.php 第 16 行.
INFO: [ app_begin ] --START--
INFO: Run Behavior\ReadHtmlCache [ RunTime:0.000224s ]
INFO: [ app_begin ] --END-- [ RunTime:0.000252s ]

[ 2017-01-03T08:40:05+08:00 ] ::1 /wqac2.0/index.php/Index/mkToHTML
NOTIC: [8] Use of undefined constant URL_CALLBACK - assumed 'URL_CALLBACK' /Applications/XAMPP/xamppfiles/htdocs/wqac2.0/Application/Common/Conf/socialize.php 第 16 行.
INFO: [ app_begin ] --START--
INFO: Run Behavior\ReadHtmlCache [ RunTime:0.000219s ]
INFO: [ app_begin ] --END-- [ RunTime:0.000248s ]

[ 2017-01-03T08:40:06+08:00 ] ::1 /wqac2.0/index.php/Index/mkToHTML
NOTIC: [8] Use of undefined constant URL_CALLBACK - assumed 'URL_CALLBACK' /Applications/XAMPP/xamppfiles/htdocs/wqac2.0/Application/Common/Conf/socialize.php 第 16 行.
INFO: [ app_begin ] --START--
INFO: Run Behavior\ReadHtmlCache [ RunTime:0.000290s ]
INFO: [ app_begin ] --END-- [ RunTime:0.000327s ]

[ 2017-01-03T08:40:07+08:00 ] ::1 /wqac2.0/index.php/Index/mkToHTML
NOTIC: [8] Use of undefined constant URL_CALLBACK - assumed 'URL_CALLBACK' /Applications/XAMPP/xamppfiles/htdocs/wqac2.0/Application/Common/Conf/socialize.php 第 16 行.
INFO: [ app_begin ] --START--
INFO: Run Behavior\ReadHtmlCache [ RunTime:0.000372s ]
INFO: [ app_begin ] --END-- [ RunTime:0.000412s ]

[ 2017-01-03T08:40:07+08:00 ] ::1 /wqac2.0/index.php/Index/mkToHTML
NOTIC: [8] Use of undefined constant URL_CALLBACK - assumed 'URL_CALLBACK' /Applications/XAMPP/xamppfiles/htdocs/wqac2.0/Application/Common/Conf/socialize.php 第 16 行.
INFO: [ app_begin ] --START--
INFO: Run Behavior\ReadHtmlCache [ RunTime:0.000223s ]
INFO: [ app_begin ] --END-- [ RunTime:0.000252s ]

[ 2017-01-03T08:40:08+08:00 ] ::1 /wqac2.0/index.php/Index/mkToHTML
NOTIC: [8] Use of undefined constant URL_CALLBACK - assumed 'URL_CALLBACK' /Applications/XAMPP/xamppfiles/htdocs/wqac2.0/Application/Common/Conf/socialize.php 第 16 行.
INFO: [ app_begin ] --START--
INFO: Run Behavior\ReadHtmlCache [ RunTime:0.000218s ]
INFO: [ app_begin ] --END-- [ RunTime:0.000246s ]

[ 2017-01-03T08:40:50+08:00 ] ::1 /wqac2.0/index.php/Index/edit
NOTIC: [8] Use of undefined constant URL_CALLBACK - assumed 'URL_CALLBACK' /Applications/XAMPP/xamppfiles/htdocs/wqac2.0/Application/Common/Conf/socialize.php 第 16 行.
INFO: [ app_begin ] --START--
INFO: Run Behavior\ReadHtmlCache [ RunTime:0.000232s ]
INFO: [ app_begin ] --END-- [ RunTime:0.000261s ]
INFO: [ view_parse ] --START--
INFO: [ template_filter ] --START--
INFO: Run Behavior\ContentReplace [ RunTime:0.000096s ]
INFO: [ template_filter ] --END-- [ RunTime:0.000126s ]
INFO: Run Behavior\ParseTemplate [ RunTime:0.012699s ]
INFO: [ view_parse ] --END-- [ RunTime:0.012734s ]
INFO: [ view_filter ] --START--
INFO: Run Behavior\WriteHtmlCache [ RunTime:0.000530s ]
INFO: [ view_filter ] --END-- [ RunTime:0.000560s ]
INFO: [ app_end ] --START--
INFO: Run Behavior\ShowPageTrace [ RunTime:0.000734s ]
INFO: [ app_end ] --END-- [ RunTime:0.000776s ]

[ 2017-01-03T08:40:52+08:00 ] ::1 /wqac2.0/index.php/Index/mkToHTML
NOTIC: [8] Use of undefined constant URL_CALLBACK - assumed 'URL_CALLBACK' /Applications/XAMPP/xamppfiles/htdocs/wqac2.0/Application/Common/Conf/socialize.php 第 16 行.
INFO: [ app_begin ] --START--
INFO: Run Behavior\ReadHtmlCache [ RunTime:0.000291s ]
INFO: [ app_begin ] --END-- [ RunTime:0.000335s ]

[ 2017-01-03T08:40:52+08:00 ] ::1 /wqac2.0/index.php/Index/mkToHTML
NOTIC: [8] Use of undefined constant URL_CALLBACK - assumed 'URL_CALLBACK' /Applications/XAMPP/xamppfiles/htdocs/wqac2.0/Application/Common/Conf/socialize.php 第 16 行.
INFO: [ app_begin ] --START--
INFO: Run Behavior\ReadHtmlCache [ RunTime:0.000221s ]
INFO: [ app_begin ] --END-- [ RunTime:0.000249s ]

[ 2017-01-03T08:40:53+08:00 ] ::1 /wqac2.0/index.php/Index/mkToHTML
NOTIC: [8] Use of undefined constant URL_CALLBACK - assumed 'URL_CALLBACK' /Applications/XAMPP/xamppfiles/htdocs/wqac2.0/Application/Common/Conf/socialize.php 第 16 行.
INFO: [ app_begin ] --START--
INFO: Run Behavior\ReadHtmlCache [ RunTime:0.000289s ]
INFO: [ app_begin ] --END-- [ RunTime:0.000327s ]

[ 2017-01-03T08:40:55+08:00 ] ::1 /wqac2.0/index.php/Index/mkToHTML
NOTIC: [8] Use of undefined constant URL_CALLBACK - assumed 'URL_CALLBACK' /Applications/XAMPP/xamppfiles/htdocs/wqac2.0/Application/Common/Conf/socialize.php 第 16 行.
INFO: [ app_begin ] --START--
INFO: Run Behavior\ReadHtmlCache [ RunTime:0.000240s ]
INFO: [ app_begin ] --END-- [ RunTime:0.000274s ]

[ 2017-01-03T08:40:56+08:00 ] ::1 /wqac2.0/index.php/Index/mkToHTML
NOTIC: [8] Use of undefined constant URL_CALLBACK - assumed 'URL_CALLBACK' /Applications/XAMPP/xamppfiles/htdocs/wqac2.0/Application/Common/Conf/socialize.php 第 16 行.
INFO: [ app_begin ] --START--
INFO: Run Behavior\ReadHtmlCache [ RunTime:0.000291s ]
INFO: [ app_begin ] --END-- [ RunTime:0.000332s ]

[ 2017-01-03T08:40:57+08:00 ] ::1 /wqac2.0/index.php/Index/mkToHTML
NOTIC: [8] Use of undefined constant URL_CALLBACK - assumed 'URL_CALLBACK' /Applications/XAMPP/xamppfiles/htdocs/wqac2.0/Application/Common/Conf/socialize.php 第 16 行.
INFO: [ app_begin ] --START--
INFO: Run Behavior\ReadHtmlCache [ RunTime:0.000291s ]
INFO: [ app_begin ] --END-- [ RunTime:0.000329s ]

[ 2017-01-03T08:40:57+08:00 ] ::1 /wqac2.0/index.php/Index/mkToHTML
NOTIC: [8] Use of undefined constant URL_CALLBACK - assumed 'URL_CALLBACK' /Applications/XAMPP/xamppfiles/htdocs/wqac2.0/Application/Common/Conf/socialize.php 第 16 行.
INFO: [ app_begin ] --START--
INFO: Run Behavior\ReadHtmlCache [ RunTime:0.000293s ]
INFO: [ app_begin ] --END-- [ RunTime:0.000331s ]

[ 2017-01-03T08:40:57+08:00 ] ::1 /wqac2.0/index.php/Index/mkToHTML
NOTIC: [8] Use of undefined constant URL_CALLBACK - assumed 'URL_CALLBACK' /Applications/XAMPP/xamppfiles/htdocs/wqac2.0/Application/Common/Conf/socialize.php 第 16 行.
INFO: [ app_begin ] --START--
INFO: Run Behavior\ReadHtmlCache [ RunTime:0.000291s ]
INFO: [ app_begin ] --END-- [ RunTime:0.000335s ]

[ 2017-01-03T08:40:57+08:00 ] ::1 /wqac2.0/index.php/Index/mkToHTML
NOTIC: [8] Use of undefined constant URL_CALLBACK - assumed 'URL_CALLBACK' /Applications/XAMPP/xamppfiles/htdocs/wqac2.0/Application/Common/Conf/socialize.php 第 16 行.
INFO: [ app_begin ] --START--
INFO: Run Behavior\ReadHtmlCache [ RunTime:0.000359s ]
INFO: [ app_begin ] --END-- [ RunTime:0.000406s ]

[ 2017-01-03T08:40:57+08:00 ] ::1 /wqac2.0/index.php/Index/mkToHTML
NOTIC: [8] Use of undefined constant URL_CALLBACK - assumed 'URL_CALLBACK' /Applications/XAMPP/xamppfiles/htdocs/wqac2.0/Application/Common/Conf/socialize.php 第 16 行.
INFO: [ app_begin ] --START--
INFO: Run Behavior\ReadHtmlCache [ RunTime:0.000291s ]
INFO: [ app_begin ] --END-- [ RunTime:0.000328s ]

[ 2017-01-03T08:40:58+08:00 ] ::1 /wqac2.0/index.php/Index/mkToHTML
NOTIC: [8] Use of undefined constant URL_CALLBACK - assumed 'URL_CALLBACK' /Applications/XAMPP/xamppfiles/htdocs/wqac2.0/Application/Common/Conf/socialize.php 第 16 行.
INFO: [ app_begin ] --START--
INFO: Run Behavior\ReadHtmlCache [ RunTime:0.000270s ]
INFO: [ app_begin ] --END-- [ RunTime:0.000303s ]

[ 2017-01-03T08:40:58+08:00 ] ::1 /wqac2.0/index.php/Index/mkToHTML
NOTIC: [8] Use of undefined constant URL_CALLBACK - assumed 'URL_CALLBACK' /Applications/XAMPP/xamppfiles/htdocs/wqac2.0/Application/Common/Conf/socialize.php 第 16 行.
INFO: [ app_begin ] --START--
INFO: Run Behavior\ReadHtmlCache [ RunTime:0.000291s ]
INFO: [ app_begin ] --END-- [ RunTime:0.000328s ]

[ 2017-01-03T08:40:58+08:00 ] ::1 /wqac2.0/index.php/Index/mkToHTML
NOTIC: [8] Use of undefined constant URL_CALLBACK - assumed 'URL_CALLBACK' /Applications/XAMPP/xamppfiles/htdocs/wqac2.0/Application/Common/Conf/socialize.php 第 16 行.
INFO: [ app_begin ] --START--
INFO: Run Behavior\ReadHtmlCache [ RunTime:0.000295s ]
INFO: [ app_begin ] --END-- [ RunTime:0.000333s ]

[ 2017-01-03T08:40:58+08:00 ] ::1 /wqac2.0/index.php/Index/mkToHTML
NOTIC: [8] Use of undefined constant URL_CALLBACK - assumed 'URL_CALLBACK' /Applications/XAMPP/xamppfiles/htdocs/wqac2.0/Application/Common/Conf/socialize.php 第 16 行.
INFO: [ app_begin ] --START--
INFO: Run Behavior\ReadHtmlCache [ RunTime:0.000313s ]
INFO: [ app_begin ] --END-- [ RunTime:0.000361s ]

[ 2017-01-03T08:40:58+08:00 ] ::1 /wqac2.0/index.php/Index/mkToHTML
NOTIC: [8] Use of undefined constant URL_CALLBACK - assumed 'URL_CALLBACK' /Applications/XAMPP/xamppfiles/htdocs/wqac2.0/Application/Common/Conf/socialize.php 第 16 行.
INFO: [ app_begin ] --START--
INFO: Run Behavior\ReadHtmlCache [ RunTime:0.000377s ]
INFO: [ app_begin ] --END-- [ RunTime:0.000425s ]

[ 2017-01-03T08:41:10+08:00 ] ::1 /wqac2.0/index.php/Index/mkToHTML
NOTIC: [8] Use of undefined constant URL_CALLBACK - assumed 'URL_CALLBACK' /Applications/XAMPP/xamppfiles/htdocs/wqac2.0/Application/Common/Conf/socialize.php 第 16 行.
INFO: [ app_begin ] --START--
INFO: Run Behavior\ReadHtmlCache [ RunTime:0.000368s ]
INFO: [ app_begin ] --END-- [ RunTime:0.000411s ]

[ 2017-01-03T08:41:11+08:00 ] ::1 /wqac2.0/index.php/Index/mkToHTML
NOTIC: [8] Use of undefined constant URL_CALLBACK - assumed 'URL_CALLBACK' /Applications/XAMPP/xamppfiles/htdocs/wqac2.0/Application/Common/Conf/socialize.php 第 16 行.
INFO: [ app_begin ] --START--
INFO: Run Behavior\ReadHtmlCache [ RunTime:0.000252s ]
INFO: [ app_begin ] --END-- [ RunTime:0.000285s ]

[ 2017-01-03T08:41:12+08:00 ] ::1 /wqac2.0/index.php/Index/mkToHTML
NOTIC: [8] Use of undefined constant URL_CALLBACK - assumed 'URL_CALLBACK' /Applications/XAMPP/xamppfiles/htdocs/wqac2.0/Application/Common/Conf/socialize.php 第 16 行.
INFO: [ app_begin ] --START--
INFO: Run Behavior\ReadHtmlCache [ RunTime:0.000290s ]
INFO: [ app_begin ] --END-- [ RunTime:0.000328s ]

[ 2017-01-03T08:41:15+08:00 ] ::1 /wqac2.0/index.php/Index/mkToHTML
NOTIC: [8] Use of undefined constant URL_CALLBACK - assumed 'URL_CALLBACK' /Applications/XAMPP/xamppfiles/htdocs/wqac2.0/Application/Common/Conf/socialize.php 第 16 行.
INFO: [ app_begin ] --START--
INFO: Run Behavior\ReadHtmlCache [ RunTime:0.000291s ]
INFO: [ app_begin ] --END-- [ RunTime:0.000329s ]

[ 2017-01-03T08:41:16+08:00 ] ::1 /wqac2.0/index.php/Index/mkToHTML
NOTIC: [8] Use of undefined constant URL_CALLBACK - assumed 'URL_CALLBACK' /Applications/XAMPP/xamppfiles/htdocs/wqac2.0/Application/Common/Conf/socialize.php 第 16 行.
INFO: [ app_begin ] --START--
INFO: Run Behavior\ReadHtmlCache [ RunTime:0.000291s ]
INFO: [ app_begin ] --END-- [ RunTime:0.000329s ]

[ 2017-01-03T08:41:17+08:00 ] ::1 /wqac2.0/index.php/Index/mkToHTML
NOTIC: [8] Use of undefined constant URL_CALLBACK - assumed 'URL_CALLBACK' /Applications/XAMPP/xamppfiles/htdocs/wqac2.0/Application/Common/Conf/socialize.php 第 16 行.
INFO: [ app_begin ] --START--
INFO: Run Behavior\ReadHtmlCache [ RunTime:0.000235s ]
INFO: [ app_begin ] --END-- [ RunTime:0.000267s ]

[ 2017-01-03T08:41:17+08:00 ] ::1 /wqac2.0/index.php/Index/mkToHTML
NOTIC: [8] Use of undefined constant URL_CALLBACK - assumed 'URL_CALLBACK' /Applications/XAMPP/xamppfiles/htdocs/wqac2.0/Application/Common/Conf/socialize.php 第 16 行.
INFO: [ app_begin ] --START--
INFO: Run Behavior\ReadHtmlCache [ RunTime:0.000238s ]
INFO: [ app_begin ] --END-- [ RunTime:0.000268s ]

[ 2017-01-03T08:41:17+08:00 ] ::1 /wqac2.0/index.php/Index/mkToHTML
NOTIC: [8] Use of undefined constant URL_CALLBACK - assumed 'URL_CALLBACK' /Applications/XAMPP/xamppfiles/htdocs/wqac2.0/Application/Common/Conf/socialize.php 第 16 行.
INFO: [ app_begin ] --START--
INFO: Run Behavior\ReadHtmlCache [ RunTime:0.000407s ]
INFO: [ app_begin ] --END-- [ RunTime:0.000460s ]

[ 2017-01-03T08:41:18+08:00 ] ::1 /wqac2.0/index.php/Index/mkToHTML
NOTIC: [8] Use of undefined constant URL_CALLBACK - assumed 'URL_CALLBACK' /Applications/XAMPP/xamppfiles/htdocs/wqac2.0/Application/Common/Conf/socialize.php 第 16 行.
INFO: [ app_begin ] --START--
INFO: Run Behavior\ReadHtmlCache [ RunTime:0.000293s ]
INFO: [ app_begin ] --END-- [ RunTime:0.000334s ]

[ 2017-01-03T08:41:19+08:00 ] ::1 /wqac2.0/index.php/Index/mkToHTML
NOTIC: [8] Use of undefined constant URL_CALLBACK - assumed 'URL_CALLBACK' /Applications/XAMPP/xamppfiles/htdocs/wqac2.0/Application/Common/Conf/socialize.php 第 16 行.
INFO: [ app_begin ] --START--
INFO: Run Behavior\ReadHtmlCache [ RunTime:0.000289s ]
INFO: [ app_begin ] --END-- [ RunTime:0.000327s ]

[ 2017-01-03T08:41:21+08:00 ] ::1 /wqac2.0/index.php/Index/mkToHTML
NOTIC: [8] Use of undefined constant URL_CALLBACK - assumed 'URL_CALLBACK' /Applications/XAMPP/xamppfiles/htdocs/wqac2.0/Application/Common/Conf/socialize.php 第 16 行.
INFO: [ app_begin ] --START--
INFO: Run Behavior\ReadHtmlCache [ RunTime:0.000447s ]
INFO: [ app_begin ] --END-- [ RunTime:0.000503s ]

[ 2017-01-03T08:41:23+08:00 ] ::1 /wqac2.0/index.php/Index/mkToHTML
NOTIC: [8] Use of undefined constant URL_CALLBACK - assumed 'URL_CALLBACK' /Applications/XAMPP/xamppfiles/htdocs/wqac2.0/Application/Common/Conf/socialize.php 第 16 行.
INFO: [ app_begin ] --START--
INFO: Run Behavior\ReadHtmlCache [ RunTime:0.000244s ]
INFO: [ app_begin ] --END-- [ RunTime:0.000278s ]

[ 2017-01-03T08:41:24+08:00 ] ::1 /wqac2.0/index.php/Index/mkToHTML
NOTIC: [8] Use of undefined constant URL_CALLBACK - assumed 'URL_CALLBACK' /Applications/XAMPP/xamppfiles/htdocs/wqac2.0/Application/Common/Conf/socialize.php 第 16 行.
INFO: [ app_begin ] --START--
INFO: Run Behavior\ReadHtmlCache [ RunTime:0.000234s ]
INFO: [ app_begin ] --END-- [ RunTime:0.000265s ]

[ 2017-01-03T08:41:24+08:00 ] ::1 /wqac2.0/index.php/Index/mkToHTML
NOTIC: [8] Use of undefined constant URL_CALLBACK - assumed 'URL_CALLBACK' /Applications/XAMPP/xamppfiles/htdocs/wqac2.0/Application/Common/Conf/socialize.php 第 16 行.
INFO: [ app_begin ] --START--
INFO: Run Behavior\ReadHtmlCache [ RunTime:0.000240s ]
INFO: [ app_begin ] --END-- [ RunTime:0.000271s ]

[ 2017-01-03T08:41:24+08:00 ] ::1 /wqac2.0/index.php/Index/mkToHTML
NOTIC: [8] Use of undefined constant URL_CALLBACK - assumed 'URL_CALLBACK' /Applications/XAMPP/xamppfiles/htdocs/wqac2.0/Application/Common/Conf/socialize.php 第 16 行.
INFO: [ app_begin ] --START--
INFO: Run Behavior\ReadHtmlCache [ RunTime:0.000249s ]
INFO: [ app_begin ] --END-- [ RunTime:0.000281s ]

[ 2017-01-03T08:41:25+08:00 ] ::1 /wqac2.0/index.php/Index/mkToHTML
NOTIC: [8] Use of undefined constant URL_CALLBACK - assumed 'URL_CALLBACK' /Applications/XAMPP/xamppfiles/htdocs/wqac2.0/Application/Common/Conf/socialize.php 第 16 行.
INFO: [ app_begin ] --START--
INFO: Run Behavior\ReadHtmlCache [ RunTime:0.000244s ]
INFO: [ app_begin ] --END-- [ RunTime:0.000276s ]

[ 2017-01-03T08:41:25+08:00 ] ::1 /wqac2.0/index.php/Index/mkToHTML
NOTIC: [8] Use of undefined constant URL_CALLBACK - assumed 'URL_CALLBACK' /Applications/XAMPP/xamppfiles/htdocs/wqac2.0/Application/Common/Conf/socialize.php 第 16 行.
INFO: [ app_begin ] --START--
INFO: Run Behavior\ReadHtmlCache [ RunTime:0.000290s ]
INFO: [ app_begin ] --END-- [ RunTime:0.000327s ]

[ 2017-01-03T08:41:25+08:00 ] ::1 /wqac2.0/index.php/Index/mkToHTML
NOTIC: [8] Use of undefined constant URL_CALLBACK - assumed 'URL_CALLBACK' /Applications/XAMPP/xamppfiles/htdocs/wqac2.0/Application/Common/Conf/socialize.php 第 16 行.
INFO: [ app_begin ] --START--
INFO: Run Behavior\ReadHtmlCache [ RunTime:0.000218s ]
INFO: [ app_begin ] --END-- [ RunTime:0.000247s ]

[ 2017-01-03T08:43:04+08:00 ] ::1 /wqac2.0/index.php/Index/mkToHTML
NOTIC: [8] Use of undefined constant URL_CALLBACK - assumed 'URL_CALLBACK' /Applications/XAMPP/xamppfiles/htdocs/wqac2.0/Application/Common/Conf/socialize.php 第 16 行.
INFO: [ app_begin ] --START--
INFO: Run Behavior\ReadHtmlCache [ RunTime:0.000225s ]
INFO: [ app_begin ] --END-- [ RunTime:0.000254s ]

[ 2017-01-03T08:51:00+08:00 ] ::1 /wqac2.0/index.php/Index/mkToHTML
NOTIC: [8] Use of undefined constant URL_CALLBACK - assumed 'URL_CALLBACK' /Applications/XAMPP/xamppfiles/htdocs/wqac2.0/Application/Common/Conf/socialize.php 第 16 行.
INFO: [ app_begin ] --START--
INFO: Run Behavior\ReadHtmlCache [ RunTime:0.000228s ]
INFO: [ app_begin ] --END-- [ RunTime:0.000260s ]

[ 2017-01-03T08:58:06+08:00 ] ::1 /wqac2.0/index.php/Index/mkToHTML
NOTIC: [8] Use of undefined constant URL_CALLBACK - assumed 'URL_CALLBACK' /Applications/XAMPP/xamppfiles/htdocs/wqac2.0/Application/Common/Conf/socialize.php 第 16 行.
INFO: [ app_begin ] --START--
INFO: Run Behavior\ReadHtmlCache [ RunTime:0.000282s ]
INFO: [ app_begin ] --END-- [ RunTime:0.000364s ]

[ 2017-01-03T08:58:06+08:00 ] ::1 /wqac2.0/index.php/Index/mkToHTML
NOTIC: [8] Use of undefined constant URL_CALLBACK - assumed 'URL_CALLBACK' /Applications/XAMPP/xamppfiles/htdocs/wqac2.0/Application/Common/Conf/socialize.php 第 16 行.
INFO: [ app_begin ] --START--
INFO: Run Behavior\ReadHtmlCache [ RunTime:0.000244s ]
INFO: [ app_begin ] --END-- [ RunTime:0.000276s ]

[ 2017-01-03T08:58:06+08:00 ] ::1 /wqac2.0/index.php/Index/mkToHTML
NOTIC: [8] Use of undefined constant URL_CALLBACK - assumed 'URL_CALLBACK' /Applications/XAMPP/xamppfiles/htdocs/wqac2.0/Application/Common/Conf/socialize.php 第 16 行.
INFO: [ app_begin ] --START--
INFO: Run Behavior\ReadHtmlCache [ RunTime:0.000295s ]
INFO: [ app_begin ] --END-- [ RunTime:0.000333s ]

[ 2017-01-03T08:58:10+08:00 ] ::1 /wqac2.0/index.php/Index/mkToHTML
NOTIC: [8] Use of undefined constant URL_CALLBACK - assumed 'URL_CALLBACK' /Applications/XAMPP/xamppfiles/htdocs/wqac2.0/Application/Common/Conf/socialize.php 第 16 行.
INFO: [ app_begin ] --START--
INFO: Run Behavior\ReadHtmlCache [ RunTime:0.000288s ]
INFO: [ app_begin ] --END-- [ RunTime:0.000326s ]

[ 2017-01-03T08:58:13+08:00 ] ::1 /wqac2.0/index.php/Index/mkToHTML
NOTIC: [8] Use of undefined constant URL_CALLBACK - assumed 'URL_CALLBACK' /Applications/XAMPP/xamppfiles/htdocs/wqac2.0/Application/Common/Conf/socialize.php 第 16 行.
INFO: [ app_begin ] --START--
INFO: Run Behavior\ReadHtmlCache [ RunTime:0.000361s ]
INFO: [ app_begin ] --END-- [ RunTime:0.000409s ]

[ 2017-01-03T08:58:13+08:00 ] ::1 /wqac2.0/index.php/Index/mkToHTML
NOTIC: [8] Use of undefined constant URL_CALLBACK - assumed 'URL_CALLBACK' /Applications/XAMPP/xamppfiles/htdocs/wqac2.0/Application/Common/Conf/socialize.php 第 16 行.
INFO: [ app_begin ] --START--
INFO: Run Behavior\ReadHtmlCache [ RunTime:0.000296s ]
INFO: [ app_begin ] --END-- [ RunTime:0.000334s ]

[ 2017-01-03T08:58:14+08:00 ] ::1 /wqac2.0/index.php/Index/mkToHTML
NOTIC: [8] Use of undefined constant URL_CALLBACK - assumed 'URL_CALLBACK' /Applications/XAMPP/xamppfiles/htdocs/wqac2.0/Application/Common/Conf/socialize.php 第 16 行.
INFO: [ app_begin ] --START--
INFO: Run Behavior\ReadHtmlCache [ RunTime:0.000443s ]
INFO: [ app_begin ] --END-- [ RunTime:0.000500s ]

[ 2017-01-03T08:58:15+08:00 ] ::1 /wqac2.0/index.php/Index/mkToHTML
NOTIC: [8] Use of undefined constant URL_CALLBACK - assumed 'URL_CALLBACK' /Applications/XAMPP/xamppfiles/htdocs/wqac2.0/Application/Common/Conf/socialize.php 第 16 行.
INFO: [ app_begin ] --START--
INFO: Run Behavior\ReadHtmlCache [ RunTime:0.000216s ]
INFO: [ app_begin ] --END-- [ RunTime:0.000255s ]

[ 2017-01-03T08:58:27+08:00 ] ::1 /wqac2.0/index.php/Index/mkToHTML
NOTIC: [8] Use of undefined constant URL_CALLBACK - assumed 'URL_CALLBACK' /Applications/XAMPP/xamppfiles/htdocs/wqac2.0/Application/Common/Conf/socialize.php 第 16 行.
INFO: [ app_begin ] --START--
INFO: Run Behavior\ReadHtmlCache [ RunTime:0.000294s ]
INFO: [ app_begin ] --END-- [ RunTime:0.000329s ]

[ 2017-01-03T08:58:29+08:00 ] ::1 /wqac2.0/index.php/Index/mkToHTML
NOTIC: [8] Use of undefined constant URL_CALLBACK - assumed 'URL_CALLBACK' /Applications/XAMPP/xamppfiles/htdocs/wqac2.0/Application/Common/Conf/socialize.php 第 16 行.
INFO: [ app_begin ] --START--
INFO: Run Behavior\ReadHtmlCache [ RunTime:0.000289s ]
INFO: [ app_begin ] --END-- [ RunTime:0.000326s ]

[ 2017-01-03T08:58:30+08:00 ] ::1 /wqac2.0/index.php/Index/mkToHTML
NOTIC: [8] Use of undefined constant URL_CALLBACK - assumed 'URL_CALLBACK' /Applications/XAMPP/xamppfiles/htdocs/wqac2.0/Application/Common/Conf/socialize.php 第 16 行.
INFO: [ app_begin ] --START--
INFO: Run Behavior\ReadHtmlCache [ RunTime:0.000258s ]
INFO: [ app_begin ] --END-- [ RunTime:0.000290s ]

[ 2017-01-03T08:58:31+08:00 ] ::1 /wqac2.0/index.php/Index/mkToHTML
NOTIC: [8] Use of undefined constant URL_CALLBACK - assumed 'URL_CALLBACK' /Applications/XAMPP/xamppfiles/htdocs/wqac2.0/Application/Common/Conf/socialize.php 第 16 行.
INFO: [ app_begin ] --START--
INFO: Run Behavior\ReadHtmlCache [ RunTime:0.000218s ]
INFO: [ app_begin ] --END-- [ RunTime:0.000255s ]

[ 2017-01-03T08:58:32+08:00 ] ::1 /wqac2.0/index.php/Index/mkToHTML
NOTIC: [8] Use of undefined constant URL_CALLBACK - assumed 'URL_CALLBACK' /Applications/XAMPP/xamppfiles/htdocs/wqac2.0/Application/Common/Conf/socialize.php 第 16 行.
INFO: [ app_begin ] --START--
INFO: Run Behavior\ReadHtmlCache [ RunTime:0.000290s ]
INFO: [ app_begin ] --END-- [ RunTime:0.000329s ]

[ 2017-01-03T08:58:33+08:00 ] ::1 /wqac2.0/index.php/Index/mkToHTML
NOTIC: [8] Use of undefined constant URL_CALLBACK - assumed 'URL_CALLBACK' /Applications/XAMPP/xamppfiles/htdocs/wqac2.0/Application/Common/Conf/socialize.php 第 16 行.
INFO: [ app_begin ] --START--
INFO: Run Behavior\ReadHtmlCache [ RunTime:0.000215s ]
INFO: [ app_begin ] --END-- [ RunTime:0.000244s ]

[ 2017-01-03T09:16:06+08:00 ] ::1 /wqac2.0/index.php/Index/edit
NOTIC: [8] Use of undefined constant URL_CALLBACK - assumed 'URL_CALLBACK' /Applications/XAMPP/xamppfiles/htdocs/wqac2.0/Application/Common/Conf/socialize.php 第 16 行.
INFO: [ app_begin ] --START--
INFO: Run Behavior\ReadHtmlCache [ RunTime:0.000448s ]
INFO: [ app_begin ] --END-- [ RunTime:0.000593s ]
INFO: [ view_parse ] --START--
INFO: [ template_filter ] --START--
INFO: Run Behavior\ContentReplace [ RunTime:0.000105s ]
INFO: [ template_filter ] --END-- [ RunTime:0.000145s ]
INFO: Run Behavior\ParseTemplate [ RunTime:0.008938s ]
INFO: [ view_parse ] --END-- [ RunTime:0.008986s ]
INFO: [ view_filter ] --START--
INFO: Run Behavior\WriteHtmlCache [ RunTime:0.000121s ]
INFO: [ view_filter ] --END-- [ RunTime:0.000152s ]
INFO: [ app_end ] --START--
INFO: Run Behavior\ShowPageTrace [ RunTime:0.000669s ]
INFO: [ app_end ] --END-- [ RunTime:0.000736s ]

[ 2017-01-03T09:24:51+08:00 ] ::1 /wqac2.0/index.php/Index/edit
NOTIC: [8] Use of undefined constant URL_CALLBACK - assumed 'URL_CALLBACK' /Applications/XAMPP/xamppfiles/htdocs/wqac2.0/Application/Common/Conf/socialize.php 第 16 行.
INFO: [ app_begin ] --START--
INFO: Run Behavior\ReadHtmlCache [ RunTime:0.000380s ]
INFO: [ app_begin ] --END-- [ RunTime:0.000448s ]
INFO: [ view_parse ] --START--
INFO: [ template_filter ] --START--
INFO: Run Behavior\ContentReplace [ RunTime:0.000115s ]
INFO: [ template_filter ] --END-- [ RunTime:0.000164s ]
INFO: Run Behavior\ParseTemplate [ RunTime:0.008565s ]
INFO: [ view_parse ] --END-- [ RunTime:0.008617s ]
INFO: [ view_filter ] --START--
INFO: Run Behavior\WriteHtmlCache [ RunTime:0.000169s ]
INFO: [ view_filter ] --END-- [ RunTime:0.000195s ]
INFO: [ app_end ] --START--
INFO: Run Behavior\ShowPageTrace [ RunTime:0.000488s ]
INFO: [ app_end ] --END-- [ RunTime:0.000563s ]

[ 2017-01-03T09:25:46+08:00 ] ::1 /wqac2.0/index.php/Index/edit
NOTIC: [8] Use of undefined constant URL_CALLBACK - assumed 'URL_CALLBACK' /Applications/XAMPP/xamppfiles/htdocs/wqac2.0/Application/Common/Conf/socialize.php 第 16 行.
INFO: [ app_begin ] --START--
INFO: Run Behavior\ReadHtmlCache [ RunTime:0.000390s ]
INFO: [ app_begin ] --END-- [ RunTime:0.000433s ]
INFO: [ view_parse ] --START--
INFO: [ template_filter ] --START--
INFO: Run Behavior\ContentReplace [ RunTime:0.000132s ]
INFO: [ template_filter ] --END-- [ RunTime:0.000200s ]
INFO: Run Behavior\ParseTemplate [ RunTime:0.008025s ]
INFO: [ view_parse ] --END-- [ RunTime:0.008081s ]
INFO: [ view_filter ] --START--
INFO: Run Behavior\WriteHtmlCache [ RunTime:0.000116s ]
INFO: [ view_filter ] --END-- [ RunTime:0.000134s ]
INFO: [ app_end ] --START--
INFO: Run Behavior\ShowPageTrace [ RunTime:0.000545s ]
INFO: [ app_end ] --END-- [ RunTime:0.000602s ]

[ 2017-01-03T09:27:51+08:00 ] ::1 /wqac2.0/index.php/Index/edit
NOTIC: [8] Use of undefined constant URL_CALLBACK - assumed 'URL_CALLBACK' /Applications/XAMPP/xamppfiles/htdocs/wqac2.0/Application/Common/Conf/socialize.php 第 16 行.
INFO: [ app_begin ] --START--
INFO: Run Behavior\ReadHtmlCache [ RunTime:0.000406s ]
INFO: [ app_begin ] --END-- [ RunTime:0.000457s ]
INFO: [ view_parse ] --START--
INFO: [ template_filter ] --START--
INFO: Run Behavior\ContentReplace [ RunTime:0.000105s ]
INFO: [ template_filter ] --END-- [ RunTime:0.000140s ]
INFO: Run Behavior\ParseTemplate [ RunTime:0.007770s ]
INFO: [ view_parse ] --END-- [ RunTime:0.007808s ]
INFO: [ view_filter ] --START--
INFO: Run Behavior\WriteHtmlCache [ RunTime:0.000100s ]
INFO: [ view_filter ] --END-- [ RunTime:0.000117s ]
INFO: [ app_end ] --START--
INFO: Run Behavior\ShowPageTrace [ RunTime:0.000599s ]
INFO: [ app_end ] --END-- [ RunTime:0.000647s ]

[ 2017-01-03T09:29:10+08:00 ] ::1 /wqac2.0/index.php/Index/edit
NOTIC: [8] Use of undefined constant URL_CALLBACK - assumed 'URL_CALLBACK' /Applications/XAMPP/xamppfiles/htdocs/wqac2.0/Application/Common/Conf/socialize.php 第 16 行.
INFO: [ app_begin ] --START--
INFO: Run Behavior\ReadHtmlCache [ RunTime:0.000286s ]
INFO: [ app_begin ] --END-- [ RunTime:0.000366s ]
INFO: [ view_parse ] --START--
INFO: [ template_filter ] --START--
INFO: Run Behavior\ContentReplace [ RunTime:0.000112s ]
INFO: [ template_filter ] --END-- [ RunTime:0.000149s ]
INFO: Run Behavior\ParseTemplate [ RunTime:0.007085s ]
INFO: [ view_parse ] --END-- [ RunTime:0.007119s ]
INFO: [ view_filter ] --START--
INFO: Run Behavior\WriteHtmlCache [ RunTime:0.000111s ]
INFO: [ view_filter ] --END-- [ RunTime:0.000130s ]
INFO: [ app_end ] --START--
INFO: Run Behavior\ShowPageTrace [ RunTime:0.000452s ]
INFO: [ app_end ] --END-- [ RunTime:0.000489s ]

[ 2017-01-03T09:51:30+08:00 ] ::1 /wqac2.0/index.php/Index/edit
NOTIC: [8] Use of undefined constant URL_CALLBACK - assumed 'URL_CALLBACK' /Applications/XAMPP/xamppfiles/htdocs/wqac2.0/Application/Common/Conf/socialize.php 第 16 行.
INFO: [ app_begin ] --START--
INFO: Run Behavior\ReadHtmlCache [ RunTime:0.000239s ]
INFO: [ app_begin ] --END-- [ RunTime:0.000270s ]
INFO: [ view_parse ] --START--
INFO: [ template_filter ] --START--
INFO: Run Behavior\ContentReplace [ RunTime:0.000194s ]
INFO: [ template_filter ] --END-- [ RunTime:0.000247s ]
INFO: Run Behavior\ParseTemplate [ RunTime:0.005079s ]
INFO: [ view_parse ] --END-- [ RunTime:0.005105s ]
INFO: [ view_filter ] --START--
INFO: Run Behavior\WriteHtmlCache [ RunTime:0.000095s ]
INFO: [ view_filter ] --END-- [ RunTime:0.000111s ]
INFO: [ app_end ] --START--
INFO: Run Behavior\ShowPageTrace [ RunTime:0.000355s ]
INFO: [ app_end ] --END-- [ RunTime:0.000383s ]

[ 2017-01-03T09:51:53+08:00 ] ::1 /wqac2.0/index.php/Index/edit
NOTIC: [8] Use of undefined constant URL_CALLBACK - assumed 'URL_CALLBACK' /Applications/XAMPP/xamppfiles/htdocs/wqac2.0/Application/Common/Conf/socialize.php 第 16 行.
INFO: [ app_begin ] --START--
INFO: Run Behavior\ReadHtmlCache [ RunTime:0.000323s ]
INFO: [ app_begin ] --END-- [ RunTime:0.000369s ]
INFO: [ view_parse ] --START--
INFO: [ template_filter ] --START--
INFO: Run Behavior\ContentReplace [ RunTime:0.000158s ]
INFO: [ template_filter ] --END-- [ RunTime:0.000269s ]
INFO: Run Behavior\ParseTemplate [ RunTime:0.006684s ]
INFO: [ view_parse ] --END-- [ RunTime:0.006723s ]
INFO: [ view_filter ] --START--
INFO: Run Behavior\WriteHtmlCache [ RunTime:0.000125s ]
INFO: [ view_filter ] --END-- [ RunTime:0.000143s ]
INFO: [ app_end ] --START--
INFO: Run Behavior\ShowPageTrace [ RunTime:0.000472s ]
INFO: [ app_end ] --END-- [ RunTime:0.000520s ]

[ 2017-01-03T09:52:09+08:00 ] ::1 /wqac2.0/index.php/Index/edit
NOTIC: [8] Use of undefined constant URL_CALLBACK - assumed 'URL_CALLBACK' /Applications/XAMPP/xamppfiles/htdocs/wqac2.0/Application/Common/Conf/socialize.php 第 16 行.
INFO: [ app_begin ] --START--
INFO: Run Behavior\ReadHtmlCache [ RunTime:0.000244s ]
INFO: [ app_begin ] --END-- [ RunTime:0.000313s ]
INFO: [ view_parse ] --START--
INFO: [ template_filter ] --START--
INFO: Run Behavior\ContentReplace [ RunTime:0.000098s ]
INFO: [ template_filter ] --END-- [ RunTime:0.000130s ]
INFO: Run Behavior\ParseTemplate [ RunTime:0.007708s ]
INFO: [ view_parse ] --END-- [ RunTime:0.007741s ]
INFO: [ view_filter ] --START--
INFO: Run Behavior\WriteHtmlCache [ RunTime:0.000095s ]
INFO: [ view_filter ] --END-- [ RunTime:0.000111s ]
INFO: [ app_end ] --START--
INFO: Run Behavior\ShowPageTrace [ RunTime:0.000394s ]
INFO: [ app_end ] --END-- [ RunTime:0.000426s ]

[ 2017-01-03T09:55:17+08:00 ] ::1 /wqac2.0/index.php/Index/edit
NOTIC: [8] Use of undefined constant URL_CALLBACK - assumed 'URL_CALLBACK' /Applications/XAMPP/xamppfiles/htdocs/wqac2.0/Application/Common/Conf/socialize.php 第 16 行.
INFO: [ app_begin ] --START--
INFO: Run Behavior\ReadHtmlCache [ RunTime:0.000241s ]
INFO: [ app_begin ] --END-- [ RunTime:0.000270s ]
INFO: [ view_parse ] --START--
INFO: [ template_filter ] --START--
INFO: Run Behavior\ContentReplace [ RunTime:0.000094s ]
INFO: [ template_filter ] --END-- [ RunTime:0.000120s ]
INFO: Run Behavior\ParseTemplate [ RunTime:0.004427s ]
INFO: [ view_parse ] --END-- [ RunTime:0.004451s ]
INFO: [ view_filter ] --START--
INFO: Run Behavior\WriteHtmlCache [ RunTime:0.000082s ]
INFO: [ view_filter ] --END-- [ RunTime:0.000098s ]
INFO: [ app_end ] --START--
INFO: Run Behavior\ShowPageTrace [ RunTime:0.000355s ]
INFO: [ app_end ] --END-- [ RunTime:0.000389s ]

[ 2017-01-03T09:56:47+08:00 ] ::1 /wqac2.0/index.php/Index/edit
NOTIC: [8] Use of undefined constant URL_CALLBACK - assumed 'URL_CALLBACK' /Applications/XAMPP/xamppfiles/htdocs/wqac2.0/Application/Common/Conf/socialize.php 第 16 行.
INFO: [ app_begin ] --START--
INFO: Run Behavior\ReadHtmlCache [ RunTime:0.000255s ]
INFO: [ app_begin ] --END-- [ RunTime:0.000287s ]
INFO: [ view_parse ] --START--
INFO: [ template_filter ] --START--
INFO: Run Behavior\ContentReplace [ RunTime:0.000176s ]
INFO: [ template_filter ] --END-- [ RunTime:0.000238s ]
INFO: Run Behavior\ParseTemplate [ RunTime:0.007305s ]
INFO: [ view_parse ] --END-- [ RunTime:0.007350s ]
INFO: [ view_filter ] --START--
INFO: Run Behavior\WriteHtmlCache [ RunTime:0.000164s ]
INFO: [ view_filter ] --END-- [ RunTime:0.000200s ]
INFO: [ app_end ] --START--
INFO: Run Behavior\ShowPageTrace [ RunTime:0.000471s ]
INFO: [ app_end ] --END-- [ RunTime:0.000522s ]

[ 2017-01-03T10:12:51+08:00 ] ::1 /wqac2.0/index.php/Index/edit
NOTIC: [8] Use of undefined constant URL_CALLBACK - assumed 'URL_CALLBACK' /Applications/XAMPP/xamppfiles/htdocs/wqac2.0/Application/Common/Conf/socialize.php 第 16 行.
INFO: [ app_begin ] --START--
INFO: Run Behavior\ReadHtmlCache [ RunTime:0.000655s ]
INFO: [ app_begin ] --END-- [ RunTime:0.000729s ]
INFO: [ view_parse ] --START--
INFO: [ template_filter ] --START--
INFO: Run Behavior\ContentReplace [ RunTime:0.000120s ]
INFO: [ template_filter ] --END-- [ RunTime:0.000176s ]
INFO: Run Behavior\ParseTemplate [ RunTime:0.007779s ]
INFO: [ view_parse ] --END-- [ RunTime:0.007839s ]
INFO: [ view_filter ] --START--
INFO: Run Behavior\WriteHtmlCache [ RunTime:0.000205s ]
INFO: [ view_filter ] --END-- [ RunTime:0.000251s ]
INFO: [ app_end ] --START--
INFO: Run Behavior\ShowPageTrace [ RunTime:0.000623s ]
INFO: [ app_end ] --END-- [ RunTime:0.000681s ]

[ 2017-01-03T10:13:20+08:00 ] ::1 /wqac2.0/index.php/Index/edit
NOTIC: [8] Use of undefined constant URL_CALLBACK - assumed 'URL_CALLBACK' /Applications/XAMPP/xamppfiles/htdocs/wqac2.0/Application/Common/Conf/socialize.php 第 16 行.
INFO: [ app_begin ] --START--
INFO: Run Behavior\ReadHtmlCache [ RunTime:0.000286s ]
INFO: [ app_begin ] --END-- [ RunTime:0.000327s ]
INFO: [ view_parse ] --START--
INFO: [ template_filter ] --START--
INFO: Run Behavior\ContentReplace [ RunTime:0.000120s ]
INFO: [ template_filter ] --END-- [ RunTime:0.000174s ]
INFO: Run Behavior\ParseTemplate [ RunTime:0.006986s ]
INFO: [ view_parse ] --END-- [ RunTime:0.007018s ]
INFO: [ view_filter ] --START--
INFO: Run Behavior\WriteHtmlCache [ RunTime:0.000107s ]
INFO: [ view_filter ] --END-- [ RunTime:0.000124s ]
INFO: [ app_end ] --START--
INFO: Run Behavior\ShowPageTrace [ RunTime:0.000532s ]
INFO: [ app_end ] --END-- [ RunTime:0.000577s ]

[ 2017-01-03T10:14:24+08:00 ] ::1 /wqac2.0/index.php/Index/edit
NOTIC: [8] Use of undefined constant URL_CALLBACK - assumed 'URL_CALLBACK' /Applications/XAMPP/xamppfiles/htdocs/wqac2.0/Application/Common/Conf/socialize.php 第 16 行.
INFO: [ app_begin ] --START--
INFO: Run Behavior\ReadHtmlCache [ RunTime:0.000223s ]
INFO: [ app_begin ] --END-- [ RunTime:0.000252s ]
INFO: [ view_parse ] --START--
INFO: [ template_filter ] --START--
INFO: Run Behavior\ContentReplace [ RunTime:0.000099s ]
INFO: [ template_filter ] --END-- [ RunTime:0.000132s ]
INFO: Run Behavior\ParseTemplate [ RunTime:0.005779s ]
INFO: [ view_parse ] --END-- [ RunTime:0.005804s ]
INFO: [ view_filter ] --START--
INFO: Run Behavior\WriteHtmlCache [ RunTime:0.000093s ]
INFO: [ view_filter ] --END-- [ RunTime:0.000108s ]
INFO: [ app_end ] --START--
INFO: Run Behavior\ShowPageTrace [ RunTime:0.000346s ]
INFO: [ app_end ] --END-- [ RunTime:0.000372s ]

[ 2017-01-03T10:14:28+08:00 ] ::1 /wqac2.0/index.php/Index/mkToHTML
NOTIC: [8] Use of undefined constant URL_CALLBACK - assumed 'URL_CALLBACK' /Applications/XAMPP/xamppfiles/htdocs/wqac2.0/Application/Common/Conf/socialize.php 第 16 行.
INFO: [ app_begin ] --START--
INFO: Run Behavior\ReadHtmlCache [ RunTime:0.000300s ]
INFO: [ app_begin ] --END-- [ RunTime:0.000339s ]

[ 2017-01-03T10:14:28+08:00 ] ::1 /wqac2.0/index.php/Index/mkToHTML
NOTIC: [8] Use of undefined constant URL_CALLBACK - assumed 'URL_CALLBACK' /Applications/XAMPP/xamppfiles/htdocs/wqac2.0/Application/Common/Conf/socialize.php 第 16 行.
INFO: [ app_begin ] --START--
INFO: Run Behavior\ReadHtmlCache [ RunTime:0.000295s ]
INFO: [ app_begin ] --END-- [ RunTime:0.000333s ]

[ 2017-01-03T10:14:28+08:00 ] ::1 /wqac2.0/index.php/Index/mkToHTML
NOTIC: [8] Use of undefined constant URL_CALLBACK - assumed 'URL_CALLBACK' /Applications/XAMPP/xamppfiles/htdocs/wqac2.0/Application/Common/Conf/socialize.php 第 16 行.
INFO: [ app_begin ] --START--
INFO: Run Behavior\ReadHtmlCache [ RunTime:0.000550s ]
INFO: [ app_begin ] --END-- [ RunTime:0.000617s ]

[ 2017-01-03T10:14:28+08:00 ] ::1 /wqac2.0/index.php/Index/mkToHTML
NOTIC: [8] Use of undefined constant URL_CALLBACK - assumed 'URL_CALLBACK' /Applications/XAMPP/xamppfiles/htdocs/wqac2.0/Application/Common/Conf/socialize.php 第 16 行.
INFO: [ app_begin ] --START--
INFO: Run Behavior\ReadHtmlCache [ RunTime:0.000359s ]
INFO: [ app_begin ] --END-- [ RunTime:0.000399s ]

[ 2017-01-03T10:14:30+08:00 ] ::1 /wqac2.0/index.php/Index/mkToHTML
NOTIC: [8] Use of undefined constant URL_CALLBACK - assumed 'URL_CALLBACK' /Applications/XAMPP/xamppfiles/htdocs/wqac2.0/Application/Common/Conf/socialize.php 第 16 行.
INFO: [ app_begin ] --START--
INFO: Run Behavior\ReadHtmlCache [ RunTime:0.000241s ]
INFO: [ app_begin ] --END-- [ RunTime:0.000272s ]

[ 2017-01-03T10:14:31+08:00 ] ::1 /wqac2.0/index.php/Index/mkToHTML
NOTIC: [8] Use of undefined constant URL_CALLBACK - assumed 'URL_CALLBACK' /Applications/XAMPP/xamppfiles/htdocs/wqac2.0/Application/Common/Conf/socialize.php 第 16 行.
INFO: [ app_begin ] --START--
INFO: Run Behavior\ReadHtmlCache [ RunTime:0.000238s ]
INFO: [ app_begin ] --END-- [ RunTime:0.000270s ]

[ 2017-01-03T10:14:32+08:00 ] ::1 /wqac2.0/index.php/Index/mkToHTML
NOTIC: [8] Use of undefined constant URL_CALLBACK - assumed 'URL_CALLBACK' /Applications/XAMPP/xamppfiles/htdocs/wqac2.0/Application/Common/Conf/socialize.php 第 16 行.
INFO: [ app_begin ] --START--
INFO: Run Behavior\ReadHtmlCache [ RunTime:0.000292s ]
INFO: [ app_begin ] --END-- [ RunTime:0.000332s ]

[ 2017-01-03T10:14:33+08:00 ] ::1 /wqac2.0/index.php/Index/mkToHTML
NOTIC: [8] Use of undefined constant URL_CALLBACK - assumed 'URL_CALLBACK' /Applications/XAMPP/xamppfiles/htdocs/wqac2.0/Application/Common/Conf/socialize.php 第 16 行.
INFO: [ app_begin ] --START--
INFO: Run Behavior\ReadHtmlCache [ RunTime:0.000251s ]
INFO: [ app_begin ] --END-- [ RunTime:0.000287s ]

[ 2017-01-03T10:14:34+08:00 ] ::1 /wqac2.0/index.php/Index/mkToHTML
NOTIC: [8] Use of undefined constant URL_CALLBACK - assumed 'URL_CALLBACK' /Applications/XAMPP/xamppfiles/htdocs/wqac2.0/Application/Common/Conf/socialize.php 第 16 行.
INFO: [ app_begin ] --START--
INFO: Run Behavior\ReadHtmlCache [ RunTime:0.000350s ]
INFO: [ app_begin ] --END-- [ RunTime:0.000391s ]

[ 2017-01-03T10:14:34+08:00 ] ::1 /wqac2.0/index.php/Index/mkToHTML
NOTIC: [8] Use of undefined constant URL_CALLBACK - assumed 'URL_CALLBACK' /Applications/XAMPP/xamppfiles/htdocs/wqac2.0/Application/Common/Conf/socialize.php 第 16 行.
INFO: [ app_begin ] --START--
INFO: Run Behavior\ReadHtmlCache [ RunTime:0.000290s ]
INFO: [ app_begin ] --END-- [ RunTime:0.000327s ]

[ 2017-01-03T10:14:35+08:00 ] ::1 /wqac2.0/index.php/Index/mkToHTML
NOTIC: [8] Use of undefined constant URL_CALLBACK - assumed 'URL_CALLBACK' /Applications/XAMPP/xamppfiles/htdocs/wqac2.0/Application/Common/Conf/socialize.php 第 16 行.
INFO: [ app_begin ] --START--
INFO: Run Behavior\ReadHtmlCache [ RunTime:0.000366s ]
INFO: [ app_begin ] --END-- [ RunTime:0.000412s ]

[ 2017-01-03T10:14:35+08:00 ] ::1 /wqac2.0/index.php/Index/mkToHTML
NOTIC: [8] Use of undefined constant URL_CALLBACK - assumed 'URL_CALLBACK' /Applications/XAMPP/xamppfiles/htdocs/wqac2.0/Application/Common/Conf/socialize.php 第 16 行.
INFO: [ app_begin ] --START--
INFO: Run Behavior\ReadHtmlCache [ RunTime:0.000276s ]
INFO: [ app_begin ] --END-- [ RunTime:0.000308s ]

[ 2017-01-03T10:14:35+08:00 ] ::1 /wqac2.0/index.php/Index/mkToHTML
NOTIC: [8] Use of undefined constant URL_CALLBACK - assumed 'URL_CALLBACK' /Applications/XAMPP/xamppfiles/htdocs/wqac2.0/Application/Common/Conf/socialize.php 第 16 行.
INFO: [ app_begin ] --START--
INFO: Run Behavior\ReadHtmlCache [ RunTime:0.000362s ]
INFO: [ app_begin ] --END-- [ RunTime:0.000411s ]

[ 2017-01-03T10:14:35+08:00 ] ::1 /wqac2.0/index.php/Index/mkToHTML
NOTIC: [8] Use of undefined constant URL_CALLBACK - assumed 'URL_CALLBACK' /Applications/XAMPP/xamppfiles/htdocs/wqac2.0/Application/Common/Conf/socialize.php 第 16 行.
INFO: [ app_begin ] --START--
INFO: Run Behavior\ReadHtmlCache [ RunTime:0.000293s ]
INFO: [ app_begin ] --END-- [ RunTime:0.000331s ]

[ 2017-01-03T10:14:36+08:00 ] ::1 /wqac2.0/index.php/Index/mkToHTML
NOTIC: [8] Use of undefined constant URL_CALLBACK - assumed 'URL_CALLBACK' /Applications/XAMPP/xamppfiles/htdocs/wqac2.0/Application/Common/Conf/socialize.php 第 16 行.
INFO: [ app_begin ] --START--
INFO: Run Behavior\ReadHtmlCache [ RunTime:0.000316s ]
INFO: [ app_begin ] --END-- [ RunTime:0.000358s ]

[ 2017-01-03T10:14:37+08:00 ] ::1 /wqac2.0/index.php/Index/mkToHTML
NOTIC: [8] Use of undefined constant URL_CALLBACK - assumed 'URL_CALLBACK' /Applications/XAMPP/xamppfiles/htdocs/wqac2.0/Application/Common/Conf/socialize.php 第 16 行.
INFO: [ app_begin ] --START--
INFO: Run Behavior\ReadHtmlCache [ RunTime:0.000292s ]
INFO: [ app_begin ] --END-- [ RunTime:0.000329s ]

[ 2017-01-03T10:14:37+08:00 ] ::1 /wqac2.0/index.php/Index/mkToHTML
NOTIC: [8] Use of undefined constant URL_CALLBACK - assumed 'URL_CALLBACK' /Applications/XAMPP/xamppfiles/htdocs/wqac2.0/Application/Common/Conf/socialize.php 第 16 行.
INFO: [ app_begin ] --START--
INFO: Run Behavior\ReadHtmlCache [ RunTime:0.000280s ]
INFO: [ app_begin ] --END-- [ RunTime:0.000313s ]

[ 2017-01-03T10:14:38+08:00 ] ::1 /wqac2.0/index.php/Index/mkToHTML
NOTIC: [8] Use of undefined constant URL_CALLBACK - assumed 'URL_CALLBACK' /Applications/XAMPP/xamppfiles/htdocs/wqac2.0/Application/Common/Conf/socialize.php 第 16 行.
INFO: [ app_begin ] --START--
INFO: Run Behavior\ReadHtmlCache [ RunTime:0.000237s ]
INFO: [ app_begin ] --END-- [ RunTime:0.000269s ]

[ 2017-01-03T10:18:51+08:00 ] ::1 /wqac2.0/index.php/Index/mkToHTML
NOTIC: [8] Use of undefined constant URL_CALLBACK - assumed 'URL_CALLBACK' /Applications/XAMPP/xamppfiles/htdocs/wqac2.0/Application/Common/Conf/socialize.php 第 16 行.
INFO: [ app_begin ] --START--
INFO: Run Behavior\ReadHtmlCache [ RunTime:0.000238s ]
INFO: [ app_begin ] --END-- [ RunTime:0.000309s ]

[ 2017-01-03T10:18:52+08:00 ] ::1 /wqac2.0/index.php/Index/mkToHTML
NOTIC: [8] Use of undefined constant URL_CALLBACK - assumed 'URL_CALLBACK' /Applications/XAMPP/xamppfiles/htdocs/wqac2.0/Application/Common/Conf/socialize.php 第 16 行.
INFO: [ app_begin ] --START--
INFO: Run Behavior\ReadHtmlCache [ RunTime:0.000219s ]
INFO: [ app_begin ] --END-- [ RunTime:0.000249s ]

[ 2017-01-03T10:19:01+08:00 ] ::1 /wqac2.0/index.php/Index/mkToHTML
NOTIC: [8] Use of undefined constant URL_CALLBACK - assumed 'URL_CALLBACK' /Applications/XAMPP/xamppfiles/htdocs/wqac2.0/Application/Common/Conf/socialize.php 第 16 行.
INFO: [ app_begin ] --START--
INFO: Run Behavior\ReadHtmlCache [ RunTime:0.000297s ]
INFO: [ app_begin ] --END-- [ RunTime:0.000332s ]

[ 2017-01-03T10:19:01+08:00 ] ::1 /wqac2.0/index.php/Index/mkToHTML
NOTIC: [8] Use of undefined constant URL_CALLBACK - assumed 'URL_CALLBACK' /Applications/XAMPP/xamppfiles/htdocs/wqac2.0/Application/Common/Conf/socialize.php 第 16 行.
INFO: [ app_begin ] --START--
INFO: Run Behavior\ReadHtmlCache [ RunTime:0.000435s ]
INFO: [ app_begin ] --END-- [ RunTime:0.000485s ]

[ 2017-01-03T10:19:02+08:00 ] ::1 /wqac2.0/index.php/Index/mkToHTML
NOTIC: [8] Use of undefined constant URL_CALLBACK - assumed 'URL_CALLBACK' /Applications/XAMPP/xamppfiles/htdocs/wqac2.0/Application/Common/Conf/socialize.php 第 16 行.
INFO: [ app_begin ] --START--
INFO: Run Behavior\ReadHtmlCache [ RunTime:0.000291s ]
INFO: [ app_begin ] --END-- [ RunTime:0.000330s ]

[ 2017-01-03T10:19:02+08:00 ] ::1 /wqac2.0/index.php/Index/mkToHTML
NOTIC: [8] Use of undefined constant URL_CALLBACK - assumed 'URL_CALLBACK' /Applications/XAMPP/xamppfiles/htdocs/wqac2.0/Application/Common/Conf/socialize.php 第 16 行.
INFO: [ app_begin ] --START--
INFO: Run Behavior\ReadHtmlCache [ RunTime:0.000361s ]
INFO: [ app_begin ] --END-- [ RunTime:0.000409s ]

[ 2017-01-03T10:19:03+08:00 ] ::1 /wqac2.0/index.php/Index/mkToHTML
NOTIC: [8] Use of undefined constant URL_CALLBACK - assumed 'URL_CALLBACK' /Applications/XAMPP/xamppfiles/htdocs/wqac2.0/Application/Common/Conf/socialize.php 第 16 行.
INFO: [ app_begin ] --START--
INFO: Run Behavior\ReadHtmlCache [ RunTime:0.000291s ]
INFO: [ app_begin ] --END-- [ RunTime:0.000328s ]

[ 2017-01-03T10:19:04+08:00 ] ::1 /wqac2.0/index.php/Index/mkToHTML
NOTIC: [8] Use of undefined constant URL_CALLBACK - assumed 'URL_CALLBACK' /Applications/XAMPP/xamppfiles/htdocs/wqac2.0/Application/Common/Conf/socialize.php 第 16 行.
INFO: [ app_begin ] --START--
INFO: Run Behavior\ReadHtmlCache [ RunTime:0.000288s ]
INFO: [ app_begin ] --END-- [ RunTime:0.000325s ]

[ 2017-01-03T10:19:04+08:00 ] ::1 /wqac2.0/index.php/Index/mkToHTML
NOTIC: [8] Use of undefined constant URL_CALLBACK - assumed 'URL_CALLBACK' /Applications/XAMPP/xamppfiles/htdocs/wqac2.0/Application/Common/Conf/socialize.php 第 16 行.
INFO: [ app_begin ] --START--
INFO: Run Behavior\ReadHtmlCache [ RunTime:0.000388s ]
INFO: [ app_begin ] --END-- [ RunTime:0.000429s ]

[ 2017-01-03T10:19:05+08:00 ] ::1 /wqac2.0/index.php/Index/mkToHTML
NOTIC: [8] Use of undefined constant URL_CALLBACK - assumed 'URL_CALLBACK' /Applications/XAMPP/xamppfiles/htdocs/wqac2.0/Application/Common/Conf/socialize.php 第 16 行.
INFO: [ app_begin ] --START--
INFO: Run Behavior\ReadHtmlCache [ RunTime:0.000362s ]
INFO: [ app_begin ] --END-- [ RunTime:0.000408s ]

[ 2017-01-03T10:19:06+08:00 ] ::1 /wqac2.0/index.php/Index/mkToHTML
NOTIC: [8] Use of undefined constant URL_CALLBACK - assumed 'URL_CALLBACK' /Applications/XAMPP/xamppfiles/htdocs/wqac2.0/Application/Common/Conf/socialize.php 第 16 行.
INFO: [ app_begin ] --START--
INFO: Run Behavior\ReadHtmlCache [ RunTime:0.000293s ]
INFO: [ app_begin ] --END-- [ RunTime:0.000347s ]

[ 2017-01-03T10:19:06+08:00 ] ::1 /wqac2.0/index.php/Index/mkToHTML
NOTIC: [8] Use of undefined constant URL_CALLBACK - assumed 'URL_CALLBACK' /Applications/XAMPP/xamppfiles/htdocs/wqac2.0/Application/Common/Conf/socialize.php 第 16 行.
INFO: [ app_begin ] --START--
INFO: Run Behavior\ReadHtmlCache [ RunTime:0.000382s ]
INFO: [ app_begin ] --END-- [ RunTime:0.000421s ]

[ 2017-01-03T10:20:19+08:00 ] ::1 /wqac2.0/index.php/Index/edit
NOTIC: [8] Use of undefined constant URL_CALLBACK - assumed 'URL_CALLBACK' /Applications/XAMPP/xamppfiles/htdocs/wqac2.0/Application/Common/Conf/socialize.php 第 16 行.
INFO: [ app_begin ] --START--
INFO: Run Behavior\ReadHtmlCache [ RunTime:0.000251s ]
INFO: [ app_begin ] --END-- [ RunTime:0.000283s ]
INFO: [ view_parse ] --START--
INFO: [ template_filter ] --START--
INFO: Run Behavior\ContentReplace [ RunTime:0.000098s ]
INFO: [ template_filter ] --END-- [ RunTime:0.000129s ]
INFO: Run Behavior\ParseTemplate [ RunTime:0.007429s ]
INFO: [ view_parse ] --END-- [ RunTime:0.007455s ]
INFO: [ view_filter ] --START--
INFO: Run Behavior\WriteHtmlCache [ RunTime:0.000089s ]
INFO: [ view_filter ] --END-- [ RunTime:0.000106s ]
INFO: [ app_end ] --START--
INFO: Run Behavior\ShowPageTrace [ RunTime:0.000561s ]
INFO: [ app_end ] --END-- [ RunTime:0.001122s ]

[ 2017-01-03T10:20:35+08:00 ] ::1 /wqac2.0/index.php/Index/mkToHTML
NOTIC: [8] Use of undefined constant URL_CALLBACK - assumed 'URL_CALLBACK' /Applications/XAMPP/xamppfiles/htdocs/wqac2.0/Application/Common/Conf/socialize.php 第 16 行.
INFO: [ app_begin ] --START--
INFO: Run Behavior\ReadHtmlCache [ RunTime:0.000372s ]
INFO: [ app_begin ] --END-- [ RunTime:0.000417s ]

[ 2017-01-03T10:20:35+08:00 ] ::1 /wqac2.0/index.php/Index/mkToHTML
NOTIC: [8] Use of undefined constant URL_CALLBACK - assumed 'URL_CALLBACK' /Applications/XAMPP/xamppfiles/htdocs/wqac2.0/Application/Common/Conf/socialize.php 第 16 行.
INFO: [ app_begin ] --START--
INFO: Run Behavior\ReadHtmlCache [ RunTime:0.000291s ]
INFO: [ app_begin ] --END-- [ RunTime:0.000328s ]

[ 2017-01-03T10:20:37+08:00 ] ::1 /wqac2.0/index.php/Index/mkToHTML
NOTIC: [8] Use of undefined constant URL_CALLBACK - assumed 'URL_CALLBACK' /Applications/XAMPP/xamppfiles/htdocs/wqac2.0/Application/Common/Conf/socialize.php 第 16 行.
INFO: [ app_begin ] --START--
INFO: Run Behavior\ReadHtmlCache [ RunTime:0.000232s ]
INFO: [ app_begin ] --END-- [ RunTime:0.000288s ]

[ 2017-01-03T10:20:37+08:00 ] ::1 /wqac2.0/index.php/Index/mkToHTML
NOTIC: [8] Use of undefined constant URL_CALLBACK - assumed 'URL_CALLBACK' /Applications/XAMPP/xamppfiles/htdocs/wqac2.0/Application/Common/Conf/socialize.php 第 16 行.
INFO: [ app_begin ] --START--
INFO: Run Behavior\ReadHtmlCache [ RunTime:0.000228s ]
INFO: [ app_begin ] --END-- [ RunTime:0.000257s ]

[ 2017-01-03T10:20:37+08:00 ] ::1 /wqac2.0/index.php/Index/mkToHTML
NOTIC: [8] Use of undefined constant URL_CALLBACK - assumed 'URL_CALLBACK' /Applications/XAMPP/xamppfiles/htdocs/wqac2.0/Application/Common/Conf/socialize.php 第 16 行.
INFO: [ app_begin ] --START--
INFO: Run Behavior\ReadHtmlCache [ RunTime:0.000289s ]
INFO: [ app_begin ] --END-- [ RunTime:0.000327s ]

[ 2017-01-03T10:20:37+08:00 ] ::1 /wqac2.0/index.php/Index/mkToHTML
NOTIC: [8] Use of undefined constant URL_CALLBACK - assumed 'URL_CALLBACK' /Applications/XAMPP/xamppfiles/htdocs/wqac2.0/Application/Common/Conf/socialize.php 第 16 行.
INFO: [ app_begin ] --START--
INFO: Run Behavior\ReadHtmlCache [ RunTime:0.000220s ]
INFO: [ app_begin ] --END-- [ RunTime:0.000250s ]

[ 2017-01-03T10:20:38+08:00 ] ::1 /wqac2.0/index.php/Index/mkToHTML
NOTIC: [8] Use of undefined constant URL_CALLBACK - assumed 'URL_CALLBACK' /Applications/XAMPP/xamppfiles/htdocs/wqac2.0/Application/Common/Conf/socialize.php 第 16 行.
INFO: [ app_begin ] --START--
INFO: Run Behavior\ReadHtmlCache [ RunTime:0.000289s ]
INFO: [ app_begin ] --END-- [ RunTime:0.000327s ]

[ 2017-01-03T10:20:39+08:00 ] ::1 /wqac2.0/index.php/Index/mkToHTML
NOTIC: [8] Use of undefined constant URL_CALLBACK - assumed 'URL_CALLBACK' /Applications/XAMPP/xamppfiles/htdocs/wqac2.0/Application/Common/Conf/socialize.php 第 16 行.
INFO: [ app_begin ] --START--
INFO: Run Behavior\ReadHtmlCache [ RunTime:0.000218s ]
INFO: [ app_begin ] --END-- [ RunTime:0.000247s ]

[ 2017-01-03T10:20:39+08:00 ] ::1 /wqac2.0/index.php/Index/mkToHTML
NOTIC: [8] Use of undefined constant URL_CALLBACK - assumed 'URL_CALLBACK' /Applications/XAMPP/xamppfiles/htdocs/wqac2.0/Application/Common/Conf/socialize.php 第 16 行.
INFO: [ app_begin ] --START--
INFO: Run Behavior\ReadHtmlCache [ RunTime:0.000290s ]
INFO: [ app_begin ] --END-- [ RunTime:0.000328s ]

[ 2017-01-03T10:20:39+08:00 ] ::1 /wqac2.0/index.php/Index/mkToHTML
NOTIC: [8] Use of undefined constant URL_CALLBACK - assumed 'URL_CALLBACK' /Applications/XAMPP/xamppfiles/htdocs/wqac2.0/Application/Common/Conf/socialize.php 第 16 行.
INFO: [ app_begin ] --START--
INFO: Run Behavior\ReadHtmlCache [ RunTime:0.000292s ]
INFO: [ app_begin ] --END-- [ RunTime:0.000330s ]

[ 2017-01-03T10:20:40+08:00 ] ::1 /wqac2.0/index.php/Index/mkToHTML
NOTIC: [8] Use of undefined constant URL_CALLBACK - assumed 'URL_CALLBACK' /Applications/XAMPP/xamppfiles/htdocs/wqac2.0/Application/Common/Conf/socialize.php 第 16 行.
INFO: [ app_begin ] --START--
INFO: Run Behavior\ReadHtmlCache [ RunTime:0.000446s ]
INFO: [ app_begin ] --END-- [ RunTime:0.000501s ]

[ 2017-01-03T10:20:40+08:00 ] ::1 /wqac2.0/index.php/Index/mkToHTML
NOTIC: [8] Use of undefined constant URL_CALLBACK - assumed 'URL_CALLBACK' /Applications/XAMPP/xamppfiles/htdocs/wqac2.0/Application/Common/Conf/socialize.php 第 16 行.
INFO: [ app_begin ] --START--
INFO: Run Behavior\ReadHtmlCache [ RunTime:0.000292s ]
INFO: [ app_begin ] --END-- [ RunTime:0.000329s ]

[ 2017-01-03T10:20:40+08:00 ] ::1 /wqac2.0/index.php/Index/mkToHTML
NOTIC: [8] Use of undefined constant URL_CALLBACK - assumed 'URL_CALLBACK' /Applications/XAMPP/xamppfiles/htdocs/wqac2.0/Application/Common/Conf/socialize.php 第 16 行.
INFO: [ app_begin ] --START--
INFO: Run Behavior\ReadHtmlCache [ RunTime:0.000290s ]
INFO: [ app_begin ] --END-- [ RunTime:0.000327s ]

[ 2017-01-03T10:20:40+08:00 ] ::1 /wqac2.0/index.php/Index/mkToHTML
NOTIC: [8] Use of undefined constant URL_CALLBACK - assumed 'URL_CALLBACK' /Applications/XAMPP/xamppfiles/htdocs/wqac2.0/Application/Common/Conf/socialize.php 第 16 行.
INFO: [ app_begin ] --START--
INFO: Run Behavior\ReadHtmlCache [ RunTime:0.000518s ]
INFO: [ app_begin ] --END-- [ RunTime:0.000586s ]

[ 2017-01-03T10:20:40+08:00 ] ::1 /wqac2.0/index.php/Index/mkToHTML
NOTIC: [8] Use of undefined constant URL_CALLBACK - assumed 'URL_CALLBACK' /Applications/XAMPP/xamppfiles/htdocs/wqac2.0/Application/Common/Conf/socialize.php 第 16 行.
INFO: [ app_begin ] --START--
INFO: Run Behavior\ReadHtmlCache [ RunTime:0.000290s ]
INFO: [ app_begin ] --END-- [ RunTime:0.000327s ]

[ 2017-01-03T10:20:41+08:00 ] ::1 /wqac2.0/index.php/Index/mkToHTML
NOTIC: [8] Use of undefined constant URL_CALLBACK - assumed 'URL_CALLBACK' /Applications/XAMPP/xamppfiles/htdocs/wqac2.0/Application/Common/Conf/socialize.php 第 16 行.
INFO: [ app_begin ] --START--
INFO: Run Behavior\ReadHtmlCache [ RunTime:0.000361s ]
INFO: [ app_begin ] --END-- [ RunTime:0.000407s ]

[ 2017-01-03T10:20:41+08:00 ] ::1 /wqac2.0/index.php/Index/mkToHTML
NOTIC: [8] Use of undefined constant URL_CALLBACK - assumed 'URL_CALLBACK' /Applications/XAMPP/xamppfiles/htdocs/wqac2.0/Application/Common/Conf/socialize.php 第 16 行.
INFO: [ app_begin ] --START--
INFO: Run Behavior\ReadHtmlCache [ RunTime:0.000302s ]
INFO: [ app_begin ] --END-- [ RunTime:0.000340s ]

[ 2017-01-03T10:20:41+08:00 ] ::1 /wqac2.0/index.php/Index/mkToHTML
NOTIC: [8] Use of undefined constant URL_CALLBACK - assumed 'URL_CALLBACK' /Applications/XAMPP/xamppfiles/htdocs/wqac2.0/Application/Common/Conf/socialize.php 第 16 行.
INFO: [ app_begin ] --START--
INFO: Run Behavior\ReadHtmlCache [ RunTime:0.000290s ]
INFO: [ app_begin ] --END-- [ RunTime:0.000328s ]

[ 2017-01-03T10:20:41+08:00 ] ::1 /wqac2.0/index.php/Index/mkToHTML
NOTIC: [8] Use of undefined constant URL_CALLBACK - assumed 'URL_CALLBACK' /Applications/XAMPP/xamppfiles/htdocs/wqac2.0/Application/Common/Conf/socialize.php 第 16 行.
INFO: [ app_begin ] --START--
INFO: Run Behavior\ReadHtmlCache [ RunTime:0.000447s ]
INFO: [ app_begin ] --END-- [ RunTime:0.000513s ]

[ 2017-01-03T10:20:41+08:00 ] ::1 /wqac2.0/index.php/Index/mkToHTML
NOTIC: [8] Use of undefined constant URL_CALLBACK - assumed 'URL_CALLBACK' /Applications/XAMPP/xamppfiles/htdocs/wqac2.0/Application/Common/Conf/socialize.php 第 16 行.
INFO: [ app_begin ] --START--
INFO: Run Behavior\ReadHtmlCache [ RunTime:0.000220s ]
INFO: [ app_begin ] --END-- [ RunTime:0.000249s ]

[ 2017-01-03T10:20:42+08:00 ] ::1 /wqac2.0/index.php/Index/mkToHTML
NOTIC: [8] Use of undefined constant URL_CALLBACK - assumed 'URL_CALLBACK' /Applications/XAMPP/xamppfiles/htdocs/wqac2.0/Application/Common/Conf/socialize.php 第 16 行.
INFO: [ app_begin ] --START--
INFO: Run Behavior\ReadHtmlCache [ RunTime:0.000289s ]
INFO: [ app_begin ] --END-- [ RunTime:0.000326s ]

[ 2017-01-03T11:06:37+08:00 ] ::1 /wqac2.0/index.php/Index/mkToHTML
NOTIC: [8] Use of undefined constant URL_CALLBACK - assumed 'URL_CALLBACK' /Applications/XAMPP/xamppfiles/htdocs/wqac2.0/Application/Common/Conf/socialize.php 第 16 行.
INFO: [ app_begin ] --START--
INFO: Run Behavior\ReadHtmlCache [ RunTime:0.001730s ]
INFO: [ app_begin ] --END-- [ RunTime:0.001840s ]

[ 2017-01-03T11:06:38+08:00 ] ::1 /wqac2.0/index.php/Index/mkToHTML
NOTIC: [8] Use of undefined constant URL_CALLBACK - assumed 'URL_CALLBACK' /Applications/XAMPP/xamppfiles/htdocs/wqac2.0/Application/Common/Conf/socialize.php 第 16 行.
INFO: [ app_begin ] --START--
INFO: Run Behavior\ReadHtmlCache [ RunTime:0.000288s ]
INFO: [ app_begin ] --END-- [ RunTime:0.000325s ]

[ 2017-01-03T11:06:38+08:00 ] ::1 /wqac2.0/index.php/Index/mkToHTML
NOTIC: [8] Use of undefined constant URL_CALLBACK - assumed 'URL_CALLBACK' /Applications/XAMPP/xamppfiles/htdocs/wqac2.0/Application/Common/Conf/socialize.php 第 16 行.
INFO: [ app_begin ] --START--
INFO: Run Behavior\ReadHtmlCache [ RunTime:0.000290s ]
INFO: [ app_begin ] --END-- [ RunTime:0.000328s ]

[ 2017-01-03T11:06:39+08:00 ] ::1 /wqac2.0/index.php/Index/mkToHTML
NOTIC: [8] Use of undefined constant URL_CALLBACK - assumed 'URL_CALLBACK' /Applications/XAMPP/xamppfiles/htdocs/wqac2.0/Application/Common/Conf/socialize.php 第 16 行.
INFO: [ app_begin ] --START--
INFO: Run Behavior\ReadHtmlCache [ RunTime:0.000417s ]
INFO: [ app_begin ] --END-- [ RunTime:0.000480s ]

[ 2017-01-03T11:06:39+08:00 ] ::1 /wqac2.0/index.php/Index/mkToHTML
NOTIC: [8] Use of undefined constant URL_CALLBACK - assumed 'URL_CALLBACK' /Applications/XAMPP/xamppfiles/htdocs/wqac2.0/Application/Common/Conf/socialize.php 第 16 行.
INFO: [ app_begin ] --START--
INFO: Run Behavior\ReadHtmlCache [ RunTime:0.000291s ]
INFO: [ app_begin ] --END-- [ RunTime:0.000345s ]

[ 2017-01-03T11:06:39+08:00 ] ::1 /wqac2.0/index.php/Index/mkToHTML
NOTIC: [8] Use of undefined constant URL_CALLBACK - assumed 'URL_CALLBACK' /Applications/XAMPP/xamppfiles/htdocs/wqac2.0/Application/Common/Conf/socialize.php 第 16 行.
INFO: [ app_begin ] --START--
INFO: Run Behavior\ReadHtmlCache [ RunTime:0.000292s ]
INFO: [ app_begin ] --END-- [ RunTime:0.000330s ]

[ 2017-01-03T11:06:39+08:00 ] ::1 /wqac2.0/index.php/Index/mkToHTML
NOTIC: [8] Use of undefined constant URL_CALLBACK - assumed 'URL_CALLBACK' /Applications/XAMPP/xamppfiles/htdocs/wqac2.0/Application/Common/Conf/socialize.php 第 16 行.
INFO: [ app_begin ] --START--
INFO: Run Behavior\ReadHtmlCache [ RunTime:0.000335s ]
INFO: [ app_begin ] --END-- [ RunTime:0.000385s ]

[ 2017-01-03T11:06:40+08:00 ] ::1 /wqac2.0/index.php/Index/mkToHTML
NOTIC: [8] Use of undefined constant URL_CALLBACK - assumed 'URL_CALLBACK' /Applications/XAMPP/xamppfiles/htdocs/wqac2.0/Application/Common/Conf/socialize.php 第 16 行.
INFO: [ app_begin ] --START--
INFO: Run Behavior\ReadHtmlCache [ RunTime:0.000289s ]
INFO: [ app_begin ] --END-- [ RunTime:0.000326s ]

[ 2017-01-03T11:06:40+08:00 ] ::1 /wqac2.0/index.php/Index/mkToHTML
NOTIC: [8] Use of undefined constant URL_CALLBACK - assumed 'URL_CALLBACK' /Applications/XAMPP/xamppfiles/htdocs/wqac2.0/Application/Common/Conf/socialize.php 第 16 行.
INFO: [ app_begin ] --START--
INFO: Run Behavior\ReadHtmlCache [ RunTime:0.000287s ]
INFO: [ app_begin ] --END-- [ RunTime:0.000325s ]

[ 2017-01-03T11:06:42+08:00 ] ::1 /wqac2.0/index.php/Index/mkToHTML
NOTIC: [8] Use of undefined constant URL_CALLBACK - assumed 'URL_CALLBACK' /Applications/XAMPP/xamppfiles/htdocs/wqac2.0/Application/Common/Conf/socialize.php 第 16 行.
INFO: [ app_begin ] --START--
INFO: Run Behavior\ReadHtmlCache [ RunTime:0.000288s ]
INFO: [ app_begin ] --END-- [ RunTime:0.000325s ]

[ 2017-01-03T11:06:42+08:00 ] ::1 /wqac2.0/index.php/Index/mkToHTML
NOTIC: [8] Use of undefined constant URL_CALLBACK - assumed 'URL_CALLBACK' /Applications/XAMPP/xamppfiles/htdocs/wqac2.0/Application/Common/Conf/socialize.php 第 16 行.
INFO: [ app_begin ] --START--
INFO: Run Behavior\ReadHtmlCache [ RunTime:0.000264s ]
INFO: [ app_begin ] --END-- [ RunTime:0.000304s ]

[ 2017-01-03T11:06:42+08:00 ] ::1 /wqac2.0/index.php/Index/mkToHTML
NOTIC: [8] Use of undefined constant URL_CALLBACK - assumed 'URL_CALLBACK' /Applications/XAMPP/xamppfiles/htdocs/wqac2.0/Application/Common/Conf/socialize.php 第 16 行.
INFO: [ app_begin ] --START--
INFO: Run Behavior\ReadHtmlCache [ RunTime:0.000330s ]
INFO: [ app_begin ] --END-- [ RunTime:0.000371s ]

[ 2017-01-03T11:06:43+08:00 ] ::1 /wqac2.0/index.php/Index/mkToHTML
NOTIC: [8] Use of undefined constant URL_CALLBACK - assumed 'URL_CALLBACK' /Applications/XAMPP/xamppfiles/htdocs/wqac2.0/Application/Common/Conf/socialize.php 第 16 行.
INFO: [ app_begin ] --START--
INFO: Run Behavior\ReadHtmlCache [ RunTime:0.000228s ]
INFO: [ app_begin ] --END-- [ RunTime:0.000257s ]

[ 2017-01-03T11:06:44+08:00 ] ::1 /wqac2.0/index.php/Index/mkToHTML
NOTIC: [8] Use of undefined constant URL_CALLBACK - assumed 'URL_CALLBACK' /Applications/XAMPP/xamppfiles/htdocs/wqac2.0/Application/Common/Conf/socialize.php 第 16 行.
INFO: [ app_begin ] --START--
INFO: Run Behavior\ReadHtmlCache [ RunTime:0.000293s ]
INFO: [ app_begin ] --END-- [ RunTime:0.000330s ]

[ 2017-01-03T11:06:44+08:00 ] ::1 /wqac2.0/index.php/Index/mkToHTML
NOTIC: [8] Use of undefined constant URL_CALLBACK - assumed 'URL_CALLBACK' /Applications/XAMPP/xamppfiles/htdocs/wqac2.0/Application/Common/Conf/socialize.php 第 16 行.
INFO: [ app_begin ] --START--
INFO: Run Behavior\ReadHtmlCache [ RunTime:0.000291s ]
INFO: [ app_begin ] --END-- [ RunTime:0.000330s ]

[ 2017-01-03T11:06:44+08:00 ] ::1 /wqac2.0/index.php/Index/mkToHTML
NOTIC: [8] Use of undefined constant URL_CALLBACK - assumed 'URL_CALLBACK' /Applications/XAMPP/xamppfiles/htdocs/wqac2.0/Application/Common/Conf/socialize.php 第 16 行.
INFO: [ app_begin ] --START--
INFO: Run Behavior\ReadHtmlCache [ RunTime:0.000295s ]
INFO: [ app_begin ] --END-- [ RunTime:0.000332s ]

[ 2017-01-03T11:06:44+08:00 ] ::1 /wqac2.0/index.php/Index/mkToHTML
NOTIC: [8] Use of undefined constant URL_CALLBACK - assumed 'URL_CALLBACK' /Applications/XAMPP/xamppfiles/htdocs/wqac2.0/Application/Common/Conf/socialize.php 第 16 行.
INFO: [ app_begin ] --START--
INFO: Run Behavior\ReadHtmlCache [ RunTime:0.000393s ]
INFO: [ app_begin ] --END-- [ RunTime:0.000444s ]

[ 2017-01-03T11:06:45+08:00 ] ::1 /wqac2.0/index.php/Index/mkToHTML
NOTIC: [8] Use of undefined constant URL_CALLBACK - assumed 'URL_CALLBACK' /Applications/XAMPP/xamppfiles/htdocs/wqac2.0/Application/Common/Conf/socialize.php 第 16 行.
INFO: [ app_begin ] --START--
INFO: Run Behavior\ReadHtmlCache [ RunTime:0.000216s ]
INFO: [ app_begin ] --END-- [ RunTime:0.000262s ]

[ 2017-01-03T11:06:45+08:00 ] ::1 /wqac2.0/index.php/Index/mkToHTML
NOTIC: [8] Use of undefined constant URL_CALLBACK - assumed 'URL_CALLBACK' /Applications/XAMPP/xamppfiles/htdocs/wqac2.0/Application/Common/Conf/socialize.php 第 16 行.
INFO: [ app_begin ] --START--
INFO: Run Behavior\ReadHtmlCache [ RunTime:0.000282s ]
INFO: [ app_begin ] --END-- [ RunTime:0.000315s ]

[ 2017-01-03T11:06:45+08:00 ] ::1 /wqac2.0/index.php/Index/mkToHTML
NOTIC: [8] Use of undefined constant URL_CALLBACK - assumed 'URL_CALLBACK' /Applications/XAMPP/xamppfiles/htdocs/wqac2.0/Application/Common/Conf/socialize.php 第 16 行.
INFO: [ app_begin ] --START--
INFO: Run Behavior\ReadHtmlCache [ RunTime:0.000290s ]
INFO: [ app_begin ] --END-- [ RunTime:0.000329s ]

[ 2017-01-03T11:06:46+08:00 ] ::1 /wqac2.0/index.php/Index/mkToHTML
NOTIC: [8] Use of undefined constant URL_CALLBACK - assumed 'URL_CALLBACK' /Applications/XAMPP/xamppfiles/htdocs/wqac2.0/Application/Common/Conf/socialize.php 第 16 行.
INFO: [ app_begin ] --START--
INFO: Run Behavior\ReadHtmlCache [ RunTime:0.000218s ]
INFO: [ app_begin ] --END-- [ RunTime:0.000249s ]

[ 2017-01-03T11:06:46+08:00 ] ::1 /wqac2.0/index.php/Index/mkToHTML
NOTIC: [8] Use of undefined constant URL_CALLBACK - assumed 'URL_CALLBACK' /Applications/XAMPP/xamppfiles/htdocs/wqac2.0/Application/Common/Conf/socialize.php 第 16 行.
INFO: [ app_begin ] --START--
INFO: Run Behavior\ReadHtmlCache [ RunTime:0.000291s ]
INFO: [ app_begin ] --END-- [ RunTime:0.000328s ]

[ 2017-01-03T11:06:46+08:00 ] ::1 /wqac2.0/index.php/Index/mkToHTML
NOTIC: [8] Use of undefined constant URL_CALLBACK - assumed 'URL_CALLBACK' /Applications/XAMPP/xamppfiles/htdocs/wqac2.0/Application/Common/Conf/socialize.php 第 16 行.
INFO: [ app_begin ] --START--
INFO: Run Behavior\ReadHtmlCache [ RunTime:0.000554s ]
INFO: [ app_begin ] --END-- [ RunTime:0.000646s ]

[ 2017-01-03T11:06:47+08:00 ] ::1 /wqac2.0/index.php/Index/mkToHTML
NOTIC: [8] Use of undefined constant URL_CALLBACK - assumed 'URL_CALLBACK' /Applications/XAMPP/xamppfiles/htdocs/wqac2.0/Application/Common/Conf/socialize.php 第 16 行.
INFO: [ app_begin ] --START--
INFO: Run Behavior\ReadHtmlCache [ RunTime:0.000218s ]
INFO: [ app_begin ] --END-- [ RunTime:0.000248s ]

[ 2017-01-03T11:06:47+08:00 ] ::1 /wqac2.0/index.php/Index/mkToHTML
NOTIC: [8] Use of undefined constant URL_CALLBACK - assumed 'URL_CALLBACK' /Applications/XAMPP/xamppfiles/htdocs/wqac2.0/Application/Common/Conf/socialize.php 第 16 行.
INFO: [ app_begin ] --START--
INFO: Run Behavior\ReadHtmlCache [ RunTime:0.000360s ]
INFO: [ app_begin ] --END-- [ RunTime:0.000406s ]

[ 2017-01-03T11:06:47+08:00 ] ::1 /wqac2.0/index.php/Index/mkToHTML
NOTIC: [8] Use of undefined constant URL_CALLBACK - assumed 'URL_CALLBACK' /Applications/XAMPP/xamppfiles/htdocs/wqac2.0/Application/Common/Conf/socialize.php 第 16 行.
INFO: [ app_begin ] --START--
INFO: Run Behavior\ReadHtmlCache [ RunTime:0.000220s ]
INFO: [ app_begin ] --END-- [ RunTime:0.000250s ]

[ 2017-01-03T11:06:47+08:00 ] ::1 /wqac2.0/index.php/Index/mkToHTML
NOTIC: [8] Use of undefined constant URL_CALLBACK - assumed 'URL_CALLBACK' /Applications/XAMPP/xamppfiles/htdocs/wqac2.0/Application/Common/Conf/socialize.php 第 16 行.
INFO: [ app_begin ] --START--
INFO: Run Behavior\ReadHtmlCache [ RunTime:0.000359s ]
INFO: [ app_begin ] --END-- [ RunTime:0.000406s ]

[ 2017-01-03T11:06:48+08:00 ] ::1 /wqac2.0/index.php/Index/mkToHTML
NOTIC: [8] Use of undefined constant URL_CALLBACK - assumed 'URL_CALLBACK' /Applications/XAMPP/xamppfiles/htdocs/wqac2.0/Application/Common/Conf/socialize.php 第 16 行.
INFO: [ app_begin ] --START--
INFO: Run Behavior\ReadHtmlCache [ RunTime:0.000641s ]
INFO: [ app_begin ] --END-- [ RunTime:0.000720s ]

[ 2017-01-03T11:06:48+08:00 ] ::1 /wqac2.0/index.php/Index/mkToHTML
NOTIC: [8] Use of undefined constant URL_CALLBACK - assumed 'URL_CALLBACK' /Applications/XAMPP/xamppfiles/htdocs/wqac2.0/Application/Common/Conf/socialize.php 第 16 行.
INFO: [ app_begin ] --START--
INFO: Run Behavior\ReadHtmlCache [ RunTime:0.000215s ]
INFO: [ app_begin ] --END-- [ RunTime:0.000244s ]

[ 2017-01-03T11:06:48+08:00 ] ::1 /wqac2.0/index.php/Index/mkToHTML
NOTIC: [8] Use of undefined constant URL_CALLBACK - assumed 'URL_CALLBACK' /Applications/XAMPP/xamppfiles/htdocs/wqac2.0/Application/Common/Conf/socialize.php 第 16 行.
INFO: [ app_begin ] --START--
INFO: Run Behavior\ReadHtmlCache [ RunTime:0.000247s ]
INFO: [ app_begin ] --END-- [ RunTime:0.000278s ]

[ 2017-01-03T11:06:49+08:00 ] ::1 /wqac2.0/index.php/Index/mkToHTML
NOTIC: [8] Use of undefined constant URL_CALLBACK - assumed 'URL_CALLBACK' /Applications/XAMPP/xamppfiles/htdocs/wqac2.0/Application/Common/Conf/socialize.php 第 16 行.
INFO: [ app_begin ] --START--
INFO: Run Behavior\ReadHtmlCache [ RunTime:0.000289s ]
INFO: [ app_begin ] --END-- [ RunTime:0.000327s ]

[ 2017-01-03T13:29:03+08:00 ] ::1 /wqac2.0/index.php/Index/edit
NOTIC: [8] Use of undefined constant URL_CALLBACK - assumed 'URL_CALLBACK' /Applications/XAMPP/xamppfiles/htdocs/wqac2.0/Application/Common/Conf/socialize.php 第 16 行.
INFO: [ app_begin ] --START--
INFO: Run Behavior\ReadHtmlCache [ RunTime:0.001726s ]
INFO: [ app_begin ] --END-- [ RunTime:0.001805s ]
INFO: [ view_parse ] --START--
INFO: [ template_filter ] --START--
INFO: Run Behavior\ContentReplace [ RunTime:0.000170s ]
INFO: [ template_filter ] --END-- [ RunTime:0.000214s ]
INFO: Run Behavior\ParseTemplate [ RunTime:0.019174s ]
INFO: [ view_parse ] --END-- [ RunTime:0.019230s ]
INFO: [ view_filter ] --START--
INFO: Run Behavior\WriteHtmlCache [ RunTime:0.000763s ]
INFO: [ view_filter ] --END-- [ RunTime:0.000808s ]
INFO: [ app_end ] --START--
INFO: Run Behavior\ShowPageTrace [ RunTime:0.001778s ]
INFO: [ app_end ] --END-- [ RunTime:0.001832s ]

